This is pdfTeX, Version 3.14159265-2.6-1.40.16 (TeX Live 2015/Debian) (preloaded format=pdflatex 2017.8.23)  22 FEB 2018 13:50
entering extended mode
 restricted \write18 enabled.
 %&-line parsing enabled.
**thesis.tex
(./thesis.tex
LaTeX2e <2016/02/01>
Babel <3.9q> and hyphenation patterns for 4 language(s) loaded.
(/usr/share/texlive/texmf-dist/tex/latex/abntex2/abntex2.cls
Document Class: abntex2 2016/02/26 v-1.9.6 abnTeX2
(/usr/share/texlive/texmf-dist/tex/latex/base/ifthen.sty
Package: ifthen 2014/09/29 v1.1c Standard LaTeX ifthen package (DPC)
)
(/usr/share/texlive/texmf-dist/tex/latex/memoir/memoir.cls
Document Class: memoir 2015/07/08 v3.7e configurable book, report, article docu
ment class
\onelineskip=\skip41
\lxvchars=\skip42
\xlvchars=\skip43
\@memcnta=\count79
\c@@memmarkcntra=\count80
(/usr/share/texlive/texmf-dist/tex/generic/oberdiek/ifpdf.sty
Package: ifpdf 2011/01/30 v2.3 Provides the ifpdf switch (HO)
Package ifpdf Info: pdfTeX in PDF mode is detected.
)
(/usr/share/texlive/texmf-dist/tex/latex/ifetex/ifetex.sty
Package: ifetex 2011/12/15 v1.2 ifetex

(/usr/share/texlive/texmf-dist/tex/plain/ifetex/ifetex.tex))
(/usr/share/texlive/texmf-dist/tex/generic/ifxetex/ifxetex.sty
Package: ifxetex 2010/09/12 v0.6 Provides ifxetex conditional
)
(/usr/share/texlive/texmf-dist/tex/generic/oberdiek/ifluatex.sty
Package: ifluatex 2010/03/01 v1.3 Provides the ifluatex switch (HO)
Package ifluatex Info: LuaTeX not detected.
)
\stockheight=\skip44
\stockwidth=\skip45
\trimtop=\skip46
\trimedge=\skip47

(/usr/share/texlive/texmf-dist/tex/latex/memoir/mem12.clo
File: mem12.clo 2010/10/19 v0.4b memoir class 12pt size option
)
\binding=\skip48
\spinemargin=\skip49
\foremargin=\skip50
\uppermargin=\skip51
\lowermargin=\skip52
\headdrop=\skip53
\normalrulethickness=\skip54
\mem@maxheadheight=\skip55
\mem@maxfootheight=\skip56
\headwidth=\skip57
\c@storedpagenumber=\count81
\memPD=\dimen102
\m@mabparskip=\skip58
\thanksmarkwidth=\skip59
\thanksmarksep=\skip60
\droptitle=\skip61
\c@book=\count82
\c@part=\count83
\c@chapter=\count84
\c@section=\count85
\c@subsection=\count86
\c@subsubsection=\count87
\c@paragraph=\count88
\c@subparagraph=\count89
\beforechapskip=\skip62
\midchapskip=\skip63
\afterchapskip=\skip64
\chapindent=\skip65
\bottomsectionskip=\skip66
\secindent=\skip67
\beforesecskip=\skip68
\aftersecskip=\skip69
\subsecindent=\skip70
\beforesubsecskip=\skip71
\aftersubsecskip=\skip72
\subsubsecindent=\skip73
\beforesubsubsecskip=\skip74
\aftersubsubsecskip=\skip75
\paraindent=\skip76
\beforeparaskip=\skip77
\afterparaskip=\skip78
\subparaindent=\skip79
\beforesubparaskip=\skip80
\aftersubparaskip=\skip81
\pfbreakskip=\skip82
\c@@ppsavesec=\count90
\c@@ppsaveapp=\count91
\ragrparindent=\dimen103
\everylistparindent=\dimen104
\parsepi=\skip83
\topsepi=\skip84
\itemsepi=\skip85
\parsepii=\skip86
\topsepii=\skip87
\topsepiii=\skip88
\itemsepii=\skip89
\itemsepiii=\skip90
\partopsepii=\skip91
\partopsepiii=\skip92
\m@msavetopsep=\skip93
\m@msavepartopsep=\skip94
\@enLab=\toks14
\abstitleskip=\skip95
\absleftindent=\skip96
\abs@leftindent=\dimen105
\absrightindent=\skip97
\absparindent=\skip98
\absparsep=\skip99
\c@vslineno=\count92
\c@poemline=\count93
\c@modulo@vs=\count94
\c@memfvsline=\count95
\vleftskip=\skip100
\vrightskip=\skip101
\stanzaskip=\skip102
\versewidth=\skip103
\vgap=\skip104
\vindent=\skip105
\vleftmargin=\dimen106
\c@verse=\count96
\c@chrsinstr=\count97
\beforepoemtitleskip=\skip106
\afterpoemtitleskip=\skip107
\c@poem=\count98
\beforePoemTitleskip=\skip108
\midPoemTitleskip=\skip109
\afterPoemTitleskip=\skip110
\col@sep=\dimen107
\extrarowheight=\dimen108
\NC@list=\toks15
\extratabsurround=\skip111
\backup@length=\skip112
\TX@col@width=\dimen109
\TX@old@table=\dimen110
\TX@old@col=\dimen111
\TX@target=\dimen112
\TX@delta=\dimen113
\TX@cols=\count99
\TX@ftn=\toks16
\heavyrulewidth=\dimen114
\lightrulewidth=\dimen115
\cmidrulewidth=\dimen116
\belowrulesep=\dimen117
\belowbottomsep=\dimen118
\aboverulesep=\dimen119
\abovetopsep=\dimen120
\cmidrulesep=\dimen121
\cmidrulekern=\dimen122
\defaultaddspace=\dimen123
\@cmidla=\count100
\@cmidlb=\count101
\@aboverulesep=\dimen124
\@belowrulesep=\dimen125
\@thisruleclass=\count102
\@lastruleclass=\count103
\@thisrulewidth=\dimen126
\ctableftskip=\skip113
\ctabrightskip=\skip114
\abovecolumnspenalty=\count104
\@linestogo=\count105
\@cellstogo=\count106
\@cellsincolumn=\count107
\crtok=\toks17
\@mincolumnwidth=\dimen127
\c@newflo@tctr=\count108
\mem@margin@floatbox=\box26
\@contcwidth=\skip115
\@contindw=\skip116
\abovecaptionskip=\skip117
\belowcaptionskip=\skip118
\subfloattopskip=\skip119
\subfloatcapskip=\skip120
\subfloatcaptopadj=\skip121
\subfloatbottomskip=\skip122
\subfloatlabelskip=\skip123
\subfloatcapmargin=\dimen128
\c@@contsubnum=\count109
\m@mscap@capbox=\box27
\m@mscap@fbox=\box28
\sidecapsep=\dimen129
\sidecapwidth=\dimen130
\m@m@tempdima=\dimen131
\m@mscapraise=\dimen132
\sidecapraise=\dimen133
\m@mscapmainwidth=\dimen134
\m@mscaplkern=\dimen135
\beforeepigraphskip=\skip124
\afterepigraphskip=\skip125
\epigraphwidth=\skip126
\epigraphrule=\skip127
LaTeX Info: Redefining \em on input line 7535.
LaTeX Info: Redefining \emph on input line 7543.
\tocentryskip=\skip128
\tocbaseline=\skip129
\cftparskip=\skip130
\cftbeforebookskip=\skip131
\cftbookindent=\dimen136
\cftbooknumwidth=\dimen137
\cftbeforepartskip=\skip132
\cftpartindent=\skip133
\cftpartnumwidth=\skip134
\cftbeforechapterskip=\skip135
\cftchapterindent=\skip136
\cftchapternumwidth=\skip137
\cftbeforesectionskip=\skip138
\cftsectionindent=\skip139
\cftsectionnumwidth=\skip140
\cftbeforesubsectionskip=\skip141
\cftsubsectionindent=\skip142
\cftsubsectionnumwidth=\skip143
\cftbeforesubsubsectionskip=\skip144
\cftsubsubsectionindent=\skip145
\cftsubsubsectionnumwidth=\skip146
\cftbeforeparagraphskip=\skip147
\cftparagraphindent=\skip148
\cftparagraphnumwidth=\skip149
\cftbeforesubparagraphskip=\skip150
\cftsubparagraphindent=\skip151
\cftsubparagraphnumwidth=\skip152
\prechapterprecisshift=\dimen138
\c@maxsecnumdepth=\count110
\bibindent=\dimen139
\bibitemsep=\skip153
\indexcolsep=\skip154
\indexrule=\skip155
\indexmarkstyle=\toks18
\@indexbox=\insert199
\glossarycolsep=\dimen140
\glossaryrule=\dimen141
\sideparvshift=\skip156
\sideins=\insert198
\sidebartopsep=\skip157
\sidebarhsep=\skip158
\sidebarvsep=\skip159
\sidebarwidth=\skip160
\footmarkwidth=\skip161
\footmarksep=\skip162
\footparindent=\skip163
\footinsdim=\skip164
\footinsv@r=\insert197
\@mpfootinsv@r=\insert196
\m@m@k=\count111
\m@m@h=\dimen142
\m@mipn@skip=\skip165
\sidefootins=\insert195
\sidefootadjust=\skip166
\sidefootheight=\skip167
\sidefoothsep=\skip168
\sidefootvsep=\skip169
\sidefootwidth=\skip170
\m@mdownsf=\skip171
\c@sidefootnote=\count112
\sidefootmarkwidth=\skip172
\sidefootmarksep=\skip173
\sidefootparindent=\skip174
\c@pagenote=\count113
\c@pagenoteshadow=\count114
\mem@pn@lastkern=\skip175
\every@verbatim=\toks19
\afterevery@verbatim=\toks20
\verbatim@line=\toks21
\tab@position=\count115
\verbatim@in@stream=\read1
\verbatimindent=\skip176
\verbatim@out=\write3
\bvboxsep=\skip177
\c@memfbvline=\count116
\c@bvlinectr=\count117
\bvnumlength=\skip178
\fb@frw=\dimen143
\fb@frh=\dimen144
\FrameRule=\dimen145
\FrameSep=\dimen146
\c@cp@cntr=\count118
LaTeX Info: Redefining \: on input line 12052.
LaTeX Info: Redefining \! on input line 12054.
\c@ism@mctr=\count119
\c@xsm@mctr=\count120
\c@csm@mctr=\count121
\c@ksm@mctr=\count122
\c@xksm@mctr=\count123
\c@cksm@mctr=\count124
\c@msm@mctr=\count125
\c@xmsm@mctr=\count126
\c@cmsm@mctr=\count127
\c@bsm@mctr=\count128
\c@workm@mctr=\count129
\c@sheetsequence=\count130
\c@lastsheet=\count131
\c@lastpage=\count132
\c@figure=\count133
\c@lofdepth=\count134
\cftbeforefigureskip=\skip179
\cftfigureindent=\skip180
\cftfigurenumwidth=\skip181
\c@table=\count135
\c@lotdepth=\count136
\cftbeforetableskip=\skip182
\cfttableindent=\skip183
\cfttablenumwidth=\skip184
Package abstract [2008/07/23] emulated by memoir.
Package appendix [2008/07/23] emulated by memoir.
Package array [2008/09/09] emulated by memoir.
Package booktabs [2008/07/23] emulated by memoir.
Package ccaption [2008/07/23] emulated by memoir.
Package changepage [2008/07/23] emulated by memoir.
Package chngcntr [2008/07/23] emulated by memoir.
Package chngpage [2008/07/23] emulated by memoir.
Package crop emulated by memoir.
Package dcolumn [2008/07/23] emulated by memoir.
Package delarray [2008/07/23] emulated by memoir.
Package enumerate [2008/07/23] emulated by memoir.
Package epigraph [2008/07/23] emulated by memoir.
Package ifmtarg [2008/07/23] emulated by memoir.
Package index [2008/07/23] emulated by memoir.
Package makeidx [2008/07/23] emulated by memoir.
Package moreverb [2008/07/23] emulated by memoir.
Package mparhack [2008/07/23] emulated by memoir.
Package needspace [2008/07/23] emulated by memoir.
Package newfile [2008/07/23] emulated by memoir.
Package nextpage [2008/07/23] emulated by memoir.
Package pagenote [2008/07/23] emulated by memoir.
Package parskip [2008/07/23] emulated by memoir.
Package patchcmd [2008/07/23] emulated by memoir.
Package setspace [2008/07/23] emulated by memoir.
Package shortvrb [2008/07/23] emulated by memoir.
Package showidx [2008/07/23] emulated by memoir.
Package tabularx [2008/07/23] emulated by memoir.
Package titleref [2008/07/23] emulated by memoir.
Package titling [2008/07/23] emulated by memoir.
Package tocbibind [2008/07/23] emulated by memoir.
Package tocloft [2008/07/23] emulated by memoir.
Package tocvsec2 [2008/07/23] emulated by memoir.
Package verbatim [2008/07/23] emulated by memoir.
Package verse [2008/07/23] emulated by memoir.

(/usr/share/texlive/texmf-dist/tex/latex/memoir/mempatch.sty
Package: mempatch 2009/07/24 v6.0f Patches for memoir class v1.6180339
))
(/usr/share/texlive/texmf-dist/tex/latex/textcase/textcase.sty
Package: textcase 2004/10/07 v0.07 Text only upper/lower case changing (DPC)
LaTeX Info: Redefining \MakeTextUppercase on input line 47.
LaTeX Info: Redefining \MakeTextLowercase on input line 50.
)
(/usr/share/texlive/texmf-dist/tex/latex/hyperref/hyperref.sty
Package: hyperref 2012/11/06 v6.83m Hypertext links for LaTeX

(/usr/share/texlive/texmf-dist/tex/generic/oberdiek/hobsub-hyperref.sty
Package: hobsub-hyperref 2012/05/28 v1.13 Bundle oberdiek, subset hyperref (HO)


(/usr/share/texlive/texmf-dist/tex/generic/oberdiek/hobsub-generic.sty
Package: hobsub-generic 2012/05/28 v1.13 Bundle oberdiek, subset generic (HO)
Package: hobsub 2012/05/28 v1.13 Construct package bundles (HO)
Package: infwarerr 2010/04/08 v1.3 Providing info/warning/error messages (HO)
Package: ltxcmds 2011/11/09 v1.22 LaTeX kernel commands for general use (HO)
Package hobsub Info: Skipping package `ifluatex' (already loaded).
Package: ifvtex 2010/03/01 v1.5 Detect VTeX and its facilities (HO)
Package ifvtex Info: VTeX not detected.
Package: intcalc 2007/09/27 v1.1 Expandable calculations with integers (HO)
Package hobsub Info: Skipping package `ifpdf' (already loaded).
Package: etexcmds 2011/02/16 v1.5 Avoid name clashes with e-TeX commands (HO)
Package etexcmds Info: Could not find \expanded.
(etexcmds)             That can mean that you are not using pdfTeX 1.50 or
(etexcmds)             that some package has redefined \expanded.
(etexcmds)             In the latter case, load this package earlier.
Package: kvsetkeys 2012/04/25 v1.16 Key value parser (HO)
Package: kvdefinekeys 2011/04/07 v1.3 Define keys (HO)
Package: pdftexcmds 2011/11/29 v0.20 Utility functions of pdfTeX for LuaTeX (HO
)
Package pdftexcmds Info: LuaTeX not detected.
Package pdftexcmds Info: \pdf@primitive is available.
Package pdftexcmds Info: \pdf@ifprimitive is available.
Package pdftexcmds Info: \pdfdraftmode found.
Package: pdfescape 2011/11/25 v1.13 Implements pdfTeX's escape features (HO)
Package: bigintcalc 2012/04/08 v1.3 Expandable calculations on big integers (HO
)
Package: bitset 2011/01/30 v1.1 Handle bit-vector datatype (HO)
Package: uniquecounter 2011/01/30 v1.2 Provide unlimited unique counter (HO)
)
Package hobsub Info: Skipping package `hobsub' (already loaded).
Package: letltxmacro 2010/09/02 v1.4 Let assignment for LaTeX macros (HO)
Package: hopatch 2012/05/28 v1.2 Wrapper for package hooks (HO)
Package: xcolor-patch 2011/01/30 xcolor patch
Package: atveryend 2011/06/30 v1.8 Hooks at the very end of document (HO)
Package atveryend Info: \enddocument detected (standard20110627).
Package: atbegshi 2011/10/05 v1.16 At begin shipout hook (HO)
Package: refcount 2011/10/16 v3.4 Data extraction from label references (HO)
Package: hycolor 2011/01/30 v1.7 Color options for hyperref/bookmark (HO)
)
(/usr/share/texlive/texmf-dist/tex/latex/graphics/keyval.sty
Package: keyval 2014/10/28 v1.15 key=value parser (DPC)
\KV@toks@=\toks22
)
(/usr/share/texlive/texmf-dist/tex/latex/oberdiek/auxhook.sty
Package: auxhook 2011/03/04 v1.3 Hooks for auxiliary files (HO)
)
(/usr/share/texlive/texmf-dist/tex/latex/oberdiek/kvoptions.sty
Package: kvoptions 2011/06/30 v3.11 Key value format for package options (HO)
)
\@linkdim=\dimen147
\Hy@linkcounter=\count137
\Hy@pagecounter=\count138

(/usr/share/texlive/texmf-dist/tex/latex/hyperref/pd1enc.def
File: pd1enc.def 2012/11/06 v6.83m Hyperref: PDFDocEncoding definition (HO)
)
\Hy@SavedSpaceFactor=\count139

(/usr/share/texlive/texmf-dist/tex/latex/latexconfig/hyperref.cfg
File: hyperref.cfg 2002/06/06 v1.2 hyperref configuration of TeXLive
)
Package hyperref Info: Hyper figures OFF on input line 4443.
Package hyperref Info: Link nesting OFF on input line 4448.
Package hyperref Info: Hyper index ON on input line 4451.
Package hyperref Info: Plain pages OFF on input line 4458.
Package hyperref Info: Backreferencing OFF on input line 4463.
Package hyperref Info: Implicit mode ON; LaTeX internals redefined.
Package hyperref Info: Bookmarks ON on input line 4688.
\c@Hy@tempcnt=\count140

(/usr/share/texlive/texmf-dist/tex/latex/url/url.sty
\Urlmuskip=\muskip10
Package: url 2013/09/16  ver 3.4  Verb mode for urls, etc.
)
LaTeX Info: Redefining \url on input line 5041.
\XeTeXLinkMargin=\dimen148
\Fld@menulength=\count141
\Field@Width=\dimen149
\Fld@charsize=\dimen150
Package hyperref Info: Hyper figures OFF on input line 6295.
Package hyperref Info: Link nesting OFF on input line 6300.
Package hyperref Info: Hyper index ON on input line 6303.
Package hyperref Info: backreferencing OFF on input line 6310.
Package hyperref Info: Link coloring OFF on input line 6315.
Package hyperref Info: Link coloring with OCG OFF on input line 6320.
Package hyperref Info: PDF/A mode OFF on input line 6325.
LaTeX Info: Redefining \ref on input line 6365.
LaTeX Info: Redefining \pageref on input line 6369.
\Hy@abspage=\count142
\c@Item=\count143
\c@Hfootnote=\count144
)
(/usr/share/texlive/texmf-dist/tex/latex/memoir/memhfixc.sty
Package: memhfixc 2013/05/30 v1.17 nameref/hyperref package fixes for memoir cl
ass
\c@memhycontfloat=\count145
\c@Hpagenote=\count146
)

Package hyperref Message: Driver (autodetected): hpdftex.

(/usr/share/texlive/texmf-dist/tex/latex/hyperref/hpdftex.def
File: hpdftex.def 2012/11/06 v6.83m Hyperref driver for pdfTeX
\Fld@listcount=\count147
\c@bookmark@seq@number=\count148

(/usr/share/texlive/texmf-dist/tex/latex/oberdiek/rerunfilecheck.sty
Package: rerunfilecheck 2011/04/15 v1.7 Rerun checks for auxiliary files (HO)
Package uniquecounter Info: New unique counter `rerunfilecheck' on input line 2
82.
)
\Hy@SectionHShift=\skip185
)
(/usr/share/texlive/texmf-dist/tex/latex/oberdiek/bookmark.sty
Package: bookmark 2011/12/02 v1.24 PDF bookmarks (HO)

(/usr/share/texlive/texmf-dist/tex/latex/oberdiek/bkm-pdftex.def
File: bkm-pdftex.def 2011/12/02 v1.24 bookmark driver for pdfTeX (HO)
\BKM@id=\count149
))
(/usr/share/texlive/texmf-dist/tex/generic/babel/babel.sty
Package: babel 2016/02/24 3.9q The Babel package

(/usr/share/texlive/texmf-dist/tex/generic/babel-english/english.ldf
Language: english 2012/08/20 v3.3p English support from the babel system

(/usr/share/texlive/texmf-dist/tex/generic/babel/babel.def
File: babel.def 2016/02/24 3.9q Babel common definitions
\babel@savecnt=\count150
\U@D=\dimen151
)
\l@british = a dialect from \language\l@english 
\l@UKenglish = a dialect from \language\l@english 
\l@canadian = a dialect from \language\l@american 
\l@australian = a dialect from \language\l@british 
\l@newzealand = a dialect from \language\l@british 
)
(/usr/share/texlive/texmf-dist/tex/generic/babel-portuges/portuges.ldf
Language: portuges 2008/03/18 v1.2q Portuguese support from the babel system
\l@brazil = a dialect from \language\l@portuges 
Package babel Info: Making " an active character on input line 145.
))
(/usr/share/texlive/texmf-dist/tex/latex/enumitem/enumitem.sty
Package: enumitem 2011/09/28 v3.5.2 Customized lists
\labelindent=\skip186
\enit@outerparindent=\dimen152
\enit@toks=\toks23
\enit@inbox=\box29
\enitdp@description=\count151
)
(/usr/share/texlive/texmf-dist/tex/latex/tools/calc.sty
Package: calc 2014/10/28 v4.3 Infix arithmetic (KKT,FJ)
\calc@Acount=\count152
\calc@Bcount=\count153
\calc@Adimen=\dimen153
\calc@Bdimen=\dimen154
\calc@Askip=\skip187
\calc@Bskip=\skip188
LaTeX Info: Redefining \setlength on input line 80.
LaTeX Info: Redefining \addtolength on input line 81.
\calc@Ccount=\count154
\calc@Cskip=\skip189
)

******************************************************
Stock height and width: 845.04684pt by 597.50787pt
Top and edge trims: 0pt and 0pt
Page height and width: 845.04684pt by 597.50787pt
Text height and width: 708pt by 455pt
Spine and edge margins: 85.35826pt and 56.9055pt
Upper and lower margins: 85.35826pt and 51.68858pt
Headheight and headsep: 14.5pt and 19.8738pt
Footskip: 30pt
Columnsep and columnseprule: 10pt and 0pt
Marginparsep and marginparwidth: 7pt and 42.9055pt
Sidecapsep and sidecapwidth: 7pt and 42pt
Sidebarhsep and sidebarwidth: 7pt and 42pt
Sidebarvsep and sidebartopsep: 14.5pt and 0pt
Sidebarheight: 590.14995pt
Sidefoothsep and sidefootwidth: 7pt and 42pt
Sidefootvsep and sidefootheight: 14.5pt and 590.14995pt
******************************************************

\c@abntex@bookmarkcounter=\count155
\cftlastnumwidth=\skip190
\chapternamenumlength=\skip191
\ABNTEXcitacaorecuo=\skip192
\c@alineasi=\count156
\c@alineasii=\count157
\enitdp@alineas=\count158
\c@subalineasi=\count159
\enitdp@subalineas=\count160
\c@incisosi=\count161
\enitdp@incisos=\count162
\ABNTEXsignwidth=\skip193
\ABNTEXsignthickness=\skip194
\ABNTEXsignskip=\skip256
) (/usr/share/texlive/texmf-dist/tex/latex/base/fontenc.sty
Package: fontenc 2005/09/27 v1.99g Standard LaTeX package

(/usr/share/texlive/texmf-dist/tex/latex/base/t1enc.def
File: t1enc.def 2005/09/27 v1.99g Standard LaTeX file
LaTeX Font Info:    Redeclaring font encoding T1 on input line 48.
))
(/usr/share/texlive/texmf-dist/tex/latex/base/inputenc.sty
Package: inputenc 2015/03/17 v1.2c Input encoding file
\inpenc@prehook=\toks24
\inpenc@posthook=\toks25

(/usr/share/texlive/texmf-dist/tex/latex/base/utf8.def
File: utf8.def 2015/12/03 v1.1r UTF-8 support for inputenc
Now handling font encoding OML ...
... no UTF-8 mapping file for font encoding OML
Now handling font encoding T1 ...
... processing UTF-8 mapping file for font encoding T1

(/usr/share/texlive/texmf-dist/tex/latex/base/t1enc.dfu
File: t1enc.dfu 2015/12/03 v1.1r UTF-8 support for inputenc
   defining Unicode char U+00A0 (decimal 160)
   defining Unicode char U+00A1 (decimal 161)
   defining Unicode char U+00A3 (decimal 163)
   defining Unicode char U+00AB (decimal 171)
   defining Unicode char U+00AD (decimal 173)
   defining Unicode char U+00BB (decimal 187)
   defining Unicode char U+00BF (decimal 191)
   defining Unicode char U+00C0 (decimal 192)
   defining Unicode char U+00C1 (decimal 193)
   defining Unicode char U+00C2 (decimal 194)
   defining Unicode char U+00C3 (decimal 195)
   defining Unicode char U+00C4 (decimal 196)
   defining Unicode char U+00C5 (decimal 197)
   defining Unicode char U+00C6 (decimal 198)
   defining Unicode char U+00C7 (decimal 199)
   defining Unicode char U+00C8 (decimal 200)
   defining Unicode char U+00C9 (decimal 201)
   defining Unicode char U+00CA (decimal 202)
   defining Unicode char U+00CB (decimal 203)
   defining Unicode char U+00CC (decimal 204)
   defining Unicode char U+00CD (decimal 205)
   defining Unicode char U+00CE (decimal 206)
   defining Unicode char U+00CF (decimal 207)
   defining Unicode char U+00D0 (decimal 208)
   defining Unicode char U+00D1 (decimal 209)
   defining Unicode char U+00D2 (decimal 210)
   defining Unicode char U+00D3 (decimal 211)
   defining Unicode char U+00D4 (decimal 212)
   defining Unicode char U+00D5 (decimal 213)
   defining Unicode char U+00D6 (decimal 214)
   defining Unicode char U+00D8 (decimal 216)
   defining Unicode char U+00D9 (decimal 217)
   defining Unicode char U+00DA (decimal 218)
   defining Unicode char U+00DB (decimal 219)
   defining Unicode char U+00DC (decimal 220)
   defining Unicode char U+00DD (decimal 221)
   defining Unicode char U+00DE (decimal 222)
   defining Unicode char U+00DF (decimal 223)
   defining Unicode char U+00E0 (decimal 224)
   defining Unicode char U+00E1 (decimal 225)
   defining Unicode char U+00E2 (decimal 226)
   defining Unicode char U+00E3 (decimal 227)
   defining Unicode char U+00E4 (decimal 228)
   defining Unicode char U+00E5 (decimal 229)
   defining Unicode char U+00E6 (decimal 230)
   defining Unicode char U+00E7 (decimal 231)
   defining Unicode char U+00E8 (decimal 232)
   defining Unicode char U+00E9 (decimal 233)
   defining Unicode char U+00EA (decimal 234)
   defining Unicode char U+00EB (decimal 235)
   defining Unicode char U+00EC (decimal 236)
   defining Unicode char U+00ED (decimal 237)
   defining Unicode char U+00EE (decimal 238)
   defining Unicode char U+00EF (decimal 239)
   defining Unicode char U+00F0 (decimal 240)
   defining Unicode char U+00F1 (decimal 241)
   defining Unicode char U+00F2 (decimal 242)
   defining Unicode char U+00F3 (decimal 243)
   defining Unicode char U+00F4 (decimal 244)
   defining Unicode char U+00F5 (decimal 245)
   defining Unicode char U+00F6 (decimal 246)
   defining Unicode char U+00F8 (decimal 248)
   defining Unicode char U+00F9 (decimal 249)
   defining Unicode char U+00FA (decimal 250)
   defining Unicode char U+00FB (decimal 251)
   defining Unicode char U+00FC (decimal 252)
   defining Unicode char U+00FD (decimal 253)
   defining Unicode char U+00FE (decimal 254)
   defining Unicode char U+00FF (decimal 255)
   defining Unicode char U+0100 (decimal 256)
   defining Unicode char U+0101 (decimal 257)
   defining Unicode char U+0102 (decimal 258)
   defining Unicode char U+0103 (decimal 259)
   defining Unicode char U+0104 (decimal 260)
   defining Unicode char U+0105 (decimal 261)
   defining Unicode char U+0106 (decimal 262)
   defining Unicode char U+0107 (decimal 263)
   defining Unicode char U+0108 (decimal 264)
   defining Unicode char U+0109 (decimal 265)
   defining Unicode char U+010A (decimal 266)
   defining Unicode char U+010B (decimal 267)
   defining Unicode char U+010C (decimal 268)
   defining Unicode char U+010D (decimal 269)
   defining Unicode char U+010E (decimal 270)
   defining Unicode char U+010F (decimal 271)
   defining Unicode char U+0110 (decimal 272)
   defining Unicode char U+0111 (decimal 273)
   defining Unicode char U+0112 (decimal 274)
   defining Unicode char U+0113 (decimal 275)
   defining Unicode char U+0114 (decimal 276)
   defining Unicode char U+0115 (decimal 277)
   defining Unicode char U+0116 (decimal 278)
   defining Unicode char U+0117 (decimal 279)
   defining Unicode char U+0118 (decimal 280)
   defining Unicode char U+0119 (decimal 281)
   defining Unicode char U+011A (decimal 282)
   defining Unicode char U+011B (decimal 283)
   defining Unicode char U+011C (decimal 284)
   defining Unicode char U+011D (decimal 285)
   defining Unicode char U+011E (decimal 286)
   defining Unicode char U+011F (decimal 287)
   defining Unicode char U+0120 (decimal 288)
   defining Unicode char U+0121 (decimal 289)
   defining Unicode char U+0122 (decimal 290)
   defining Unicode char U+0123 (decimal 291)
   defining Unicode char U+0124 (decimal 292)
   defining Unicode char U+0125 (decimal 293)
   defining Unicode char U+0128 (decimal 296)
   defining Unicode char U+0129 (decimal 297)
   defining Unicode char U+012A (decimal 298)
   defining Unicode char U+012B (decimal 299)
   defining Unicode char U+012C (decimal 300)
   defining Unicode char U+012D (decimal 301)
   defining Unicode char U+012E (decimal 302)
   defining Unicode char U+012F (decimal 303)
   defining Unicode char U+0130 (decimal 304)
   defining Unicode char U+0131 (decimal 305)
   defining Unicode char U+0132 (decimal 306)
   defining Unicode char U+0133 (decimal 307)
   defining Unicode char U+0134 (decimal 308)
   defining Unicode char U+0135 (decimal 309)
   defining Unicode char U+0136 (decimal 310)
   defining Unicode char U+0137 (decimal 311)
   defining Unicode char U+0139 (decimal 313)
   defining Unicode char U+013A (decimal 314)
   defining Unicode char U+013B (decimal 315)
   defining Unicode char U+013C (decimal 316)
   defining Unicode char U+013D (decimal 317)
   defining Unicode char U+013E (decimal 318)
   defining Unicode char U+0141 (decimal 321)
   defining Unicode char U+0142 (decimal 322)
   defining Unicode char U+0143 (decimal 323)
   defining Unicode char U+0144 (decimal 324)
   defining Unicode char U+0145 (decimal 325)
   defining Unicode char U+0146 (decimal 326)
   defining Unicode char U+0147 (decimal 327)
   defining Unicode char U+0148 (decimal 328)
   defining Unicode char U+014A (decimal 330)
   defining Unicode char U+014B (decimal 331)
   defining Unicode char U+014C (decimal 332)
   defining Unicode char U+014D (decimal 333)
   defining Unicode char U+014E (decimal 334)
   defining Unicode char U+014F (decimal 335)
   defining Unicode char U+0150 (decimal 336)
   defining Unicode char U+0151 (decimal 337)
   defining Unicode char U+0152 (decimal 338)
   defining Unicode char U+0153 (decimal 339)
   defining Unicode char U+0154 (decimal 340)
   defining Unicode char U+0155 (decimal 341)
   defining Unicode char U+0156 (decimal 342)
   defining Unicode char U+0157 (decimal 343)
   defining Unicode char U+0158 (decimal 344)
   defining Unicode char U+0159 (decimal 345)
   defining Unicode char U+015A (decimal 346)
   defining Unicode char U+015B (decimal 347)
   defining Unicode char U+015C (decimal 348)
   defining Unicode char U+015D (decimal 349)
   defining Unicode char U+015E (decimal 350)
   defining Unicode char U+015F (decimal 351)
   defining Unicode char U+0160 (decimal 352)
   defining Unicode char U+0161 (decimal 353)
   defining Unicode char U+0162 (decimal 354)
   defining Unicode char U+0163 (decimal 355)
   defining Unicode char U+0164 (decimal 356)
   defining Unicode char U+0165 (decimal 357)
   defining Unicode char U+0168 (decimal 360)
   defining Unicode char U+0169 (decimal 361)
   defining Unicode char U+016A (decimal 362)
   defining Unicode char U+016B (decimal 363)
   defining Unicode char U+016C (decimal 364)
   defining Unicode char U+016D (decimal 365)
   defining Unicode char U+016E (decimal 366)
   defining Unicode char U+016F (decimal 367)
   defining Unicode char U+0170 (decimal 368)
   defining Unicode char U+0171 (decimal 369)
   defining Unicode char U+0172 (decimal 370)
   defining Unicode char U+0173 (decimal 371)
   defining Unicode char U+0174 (decimal 372)
   defining Unicode char U+0175 (decimal 373)
   defining Unicode char U+0176 (decimal 374)
   defining Unicode char U+0177 (decimal 375)
   defining Unicode char U+0178 (decimal 376)
   defining Unicode char U+0179 (decimal 377)
   defining Unicode char U+017A (decimal 378)
   defining Unicode char U+017B (decimal 379)
   defining Unicode char U+017C (decimal 380)
   defining Unicode char U+017D (decimal 381)
   defining Unicode char U+017E (decimal 382)
   defining Unicode char U+01CD (decimal 461)
   defining Unicode char U+01CE (decimal 462)
   defining Unicode char U+01CF (decimal 463)
   defining Unicode char U+01D0 (decimal 464)
   defining Unicode char U+01D1 (decimal 465)
   defining Unicode char U+01D2 (decimal 466)
   defining Unicode char U+01D3 (decimal 467)
   defining Unicode char U+01D4 (decimal 468)
   defining Unicode char U+01E2 (decimal 482)
   defining Unicode char U+01E3 (decimal 483)
   defining Unicode char U+01E6 (decimal 486)
   defining Unicode char U+01E7 (decimal 487)
   defining Unicode char U+01E8 (decimal 488)
   defining Unicode char U+01E9 (decimal 489)
   defining Unicode char U+01EA (decimal 490)
   defining Unicode char U+01EB (decimal 491)
   defining Unicode char U+01F0 (decimal 496)
   defining Unicode char U+01F4 (decimal 500)
   defining Unicode char U+01F5 (decimal 501)
   defining Unicode char U+0218 (decimal 536)
   defining Unicode char U+0219 (decimal 537)
   defining Unicode char U+021A (decimal 538)
   defining Unicode char U+021B (decimal 539)
   defining Unicode char U+01E02 (decimal 7682)
   defining Unicode char U+01E03 (decimal 7683)
   defining Unicode char U+200C (decimal 8204)
   defining Unicode char U+2013 (decimal 8211)
   defining Unicode char U+2014 (decimal 8212)
   defining Unicode char U+2018 (decimal 8216)
   defining Unicode char U+2019 (decimal 8217)
   defining Unicode char U+201A (decimal 8218)
   defining Unicode char U+201C (decimal 8220)
   defining Unicode char U+201D (decimal 8221)
   defining Unicode char U+201E (decimal 8222)
   defining Unicode char U+2030 (decimal 8240)
   defining Unicode char U+2031 (decimal 8241)
   defining Unicode char U+2039 (decimal 8249)
   defining Unicode char U+203A (decimal 8250)
   defining Unicode char U+2423 (decimal 9251)
)
Now handling font encoding OT1 ...
... processing UTF-8 mapping file for font encoding OT1

(/usr/share/texlive/texmf-dist/tex/latex/base/ot1enc.dfu
File: ot1enc.dfu 2015/12/03 v1.1r UTF-8 support for inputenc
   defining Unicode char U+00A0 (decimal 160)
   defining Unicode char U+00A1 (decimal 161)
   defining Unicode char U+00A3 (decimal 163)
   defining Unicode char U+00AD (decimal 173)
   defining Unicode char U+00B8 (decimal 184)
   defining Unicode char U+00BF (decimal 191)
   defining Unicode char U+00C5 (decimal 197)
   defining Unicode char U+00C6 (decimal 198)
   defining Unicode char U+00D8 (decimal 216)
   defining Unicode char U+00DF (decimal 223)
   defining Unicode char U+00E6 (decimal 230)
   defining Unicode char U+00EC (decimal 236)
   defining Unicode char U+00ED (decimal 237)
   defining Unicode char U+00EE (decimal 238)
   defining Unicode char U+00EF (decimal 239)
   defining Unicode char U+00F8 (decimal 248)
   defining Unicode char U+0131 (decimal 305)
   defining Unicode char U+0141 (decimal 321)
   defining Unicode char U+0142 (decimal 322)
   defining Unicode char U+0152 (decimal 338)
   defining Unicode char U+0153 (decimal 339)
   defining Unicode char U+0174 (decimal 372)
   defining Unicode char U+0175 (decimal 373)
   defining Unicode char U+0176 (decimal 374)
   defining Unicode char U+0177 (decimal 375)
   defining Unicode char U+0218 (decimal 536)
   defining Unicode char U+0219 (decimal 537)
   defining Unicode char U+021A (decimal 538)
   defining Unicode char U+021B (decimal 539)
   defining Unicode char U+2013 (decimal 8211)
   defining Unicode char U+2014 (decimal 8212)
   defining Unicode char U+2018 (decimal 8216)
   defining Unicode char U+2019 (decimal 8217)
   defining Unicode char U+201C (decimal 8220)
   defining Unicode char U+201D (decimal 8221)
)
Now handling font encoding OMS ...
... processing UTF-8 mapping file for font encoding OMS

(/usr/share/texlive/texmf-dist/tex/latex/base/omsenc.dfu
File: omsenc.dfu 2015/12/03 v1.1r UTF-8 support for inputenc
   defining Unicode char U+00A7 (decimal 167)
   defining Unicode char U+00B6 (decimal 182)
   defining Unicode char U+00B7 (decimal 183)
   defining Unicode char U+2020 (decimal 8224)
   defining Unicode char U+2021 (decimal 8225)
   defining Unicode char U+2022 (decimal 8226)
)
Now handling font encoding OMX ...
... no UTF-8 mapping file for font encoding OMX
Now handling font encoding U ...
... no UTF-8 mapping file for font encoding U
Now handling font encoding PD1 ...
... no UTF-8 mapping file for font encoding PD1
   defining Unicode char U+00A9 (decimal 169)
   defining Unicode char U+00AA (decimal 170)
   defining Unicode char U+00AE (decimal 174)
   defining Unicode char U+00BA (decimal 186)
   defining Unicode char U+02C6 (decimal 710)
   defining Unicode char U+02DC (decimal 732)
   defining Unicode char U+200C (decimal 8204)
   defining Unicode char U+2026 (decimal 8230)
   defining Unicode char U+2122 (decimal 8482)
   defining Unicode char U+2423 (decimal 9251)
))
   defining Unicode char U+2010 (decimal 8208)

(/usr/share/texlive/texmf-dist/tex/latex/lastpage/lastpage.sty
Package: lastpage 2015/03/29 v1.2m Refers to last page's name (HMM; JPG)
)
(/usr/share/texlive/texmf-dist/tex/latex/tools/indentfirst.sty
Package: indentfirst 1995/11/23 v1.03 Indent first paragraph (DPC)
)
(/usr/share/texlive/texmf-dist/tex/latex/graphics/color.sty
Package: color 2016/01/03 v1.1b Standard LaTeX Color (DPC)

(/usr/share/texlive/texmf-dist/tex/latex/latexconfig/color.cfg
File: color.cfg 2007/01/18 v1.5 color configuration of teTeX/TeXLive
)
Package color Info: Driver file: pdftex.def on input line 143.

(/usr/share/texlive/texmf-dist/tex/latex/pdftex-def/pdftex.def
File: pdftex.def 2011/05/27 v0.06d Graphics/color for pdfTeX
\Gread@gobject=\count163
))
(/usr/share/texlive/texmf-dist/tex/latex/graphics/graphicx.sty
Package: graphicx 2014/10/28 v1.0g Enhanced LaTeX Graphics (DPC,SPQR)

(/usr/share/texlive/texmf-dist/tex/latex/graphics/graphics.sty
Package: graphics 2016/01/03 v1.0q Standard LaTeX Graphics (DPC,SPQR)

(/usr/share/texlive/texmf-dist/tex/latex/graphics/trig.sty
Package: trig 2016/01/03 v1.10 sin cos tan (DPC)
)
(/usr/share/texlive/texmf-dist/tex/latex/latexconfig/graphics.cfg
File: graphics.cfg 2010/04/23 v1.9 graphics configuration of TeX Live
)
Package graphics Info: Driver file: pdftex.def on input line 95.
)
\Gin@req@height=\dimen155
\Gin@req@width=\dimen156
)
(/usr/share/texlive/texmf-dist/tex/latex/microtype/microtype.sty
Package: microtype 2013/05/23 v2.5a Micro-typographical refinements (RS)
\MT@toks=\toks26
\MT@count=\count164
LaTeX Info: Redefining \textls on input line 766.
\MT@outer@kern=\dimen157
LaTeX Info: Redefining \textmicrotypecontext on input line 1285.
\MT@listname@count=\count165

(/usr/share/texlive/texmf-dist/tex/latex/microtype/microtype-pdftex.def
File: microtype-pdftex.def 2013/05/23 v2.5a Definitions specific to pdftex (RS)

LaTeX Info: Redefining \lsstyle on input line 915.
LaTeX Info: Redefining \lslig on input line 915.
\MT@outer@space=\skip257
)
Package microtype Info: Loading configuration file microtype.cfg.

(/usr/share/texlive/texmf-dist/tex/latex/microtype/microtype.cfg
File: microtype.cfg 2013/05/23 v2.5a microtype main configuration file (RS)
))
(/usr/share/texlive/texmf-dist/tex/latex/psnfss/palatino.sty
Package: palatino 2005/04/12 PSNFSS-v9.2a (SPQR) 
)
(/usr/share/texlive/texmf-dist/tex/latex/amsmath/amsmath.sty
Package: amsmath 2016/03/03 v2.15a AMS math features
\@mathmargin=\skip258

For additional information on amsmath, use the `?' option.
(/usr/share/texlive/texmf-dist/tex/latex/amsmath/amstext.sty
Package: amstext 2000/06/29 v2.01 AMS text

(/usr/share/texlive/texmf-dist/tex/latex/amsmath/amsgen.sty
File: amsgen.sty 1999/11/30 v2.0 generic functions
\@emptytoks=\toks27
\ex@=\dimen158
))
(/usr/share/texlive/texmf-dist/tex/latex/amsmath/amsbsy.sty
Package: amsbsy 1999/11/29 v1.2d Bold Symbols
\pmbraise@=\dimen159
)
(/usr/share/texlive/texmf-dist/tex/latex/amsmath/amsopn.sty
Package: amsopn 1999/12/14 v2.01 operator names
)
\inf@bad=\count166
LaTeX Info: Redefining \frac on input line 199.
\uproot@=\count167
\leftroot@=\count168
LaTeX Info: Redefining \overline on input line 297.
\classnum@=\count169
\DOTSCASE@=\count170
LaTeX Info: Redefining \ldots on input line 394.
LaTeX Info: Redefining \dots on input line 397.
LaTeX Info: Redefining \cdots on input line 518.
\Mathstrutbox@=\box30
\strutbox@=\box31
\big@size=\dimen160
LaTeX Font Info:    Redeclaring font encoding OML on input line 630.
LaTeX Font Info:    Redeclaring font encoding OMS on input line 631.
\macc@depth=\count171
\c@MaxMatrixCols=\count172
\dotsspace@=\muskip11
\c@parentequation=\count173
\dspbrk@lvl=\count174
\tag@help=\toks28
\row@=\count175
\column@=\count176
\maxfields@=\count177
\andhelp@=\toks29
\eqnshift@=\dimen161
\alignsep@=\dimen162
\tagshift@=\dimen163
\tagwidth@=\dimen164
\totwidth@=\dimen165
\lineht@=\dimen166
\@envbody=\toks30
\multlinegap=\skip259
\multlinetaggap=\skip260
\mathdisplay@stack=\toks31
LaTeX Info: Redefining \[ on input line 2735.
LaTeX Info: Redefining \] on input line 2736.
)
(/usr/share/texlive/texmf-dist/tex/latex/units/nicefrac.sty
Package: nicefrac 1998/08/04 v0.9b Nice fractions
\L@UnitsRaiseDisplaystyle=\skip261
\L@UnitsRaiseTextstyle=\skip262
\L@UnitsRaiseScriptstyle=\skip263
)
(/usr/share/texlive/texmf-dist/tex/latex/hyperref/nameref.sty
Package: nameref 2012/10/27 v2.43 Cross-referencing by name of section

(/usr/share/texlive/texmf-dist/tex/generic/oberdiek/gettitlestring.sty
Package: gettitlestring 2010/12/03 v1.4 Cleanup title references (HO)
)
\c@section@level=\count178
)
Redoing nameref's sectioning
Redoing nameref's label
LaTeX Info: Redefining \nameref on input line 64.
(/usr/share/texlive/texmf-dist/tex/latex/placeins/placeins.sty
Package: placeins 2005/04/18  v 2.2
)
(/usr/share/texlive/texmf-dist/tex/latex/float/float.sty
Package: float 2001/11/08 v1.3d Float enhancements (AL)
\c@float@type=\count179
\float@exts=\toks32
\float@box=\box32
\@float@everytoks=\toks33
\@floatcapt=\box33
)
(/usr/share/texlive/texmf-dist/tex/latex/pdfpages/pdfpages.sty
Package: pdfpages 2015/09/18 v0.5d Insert pages of external PDF documents (AM)

(/usr/share/texlive/texmf-dist/tex/latex/eso-pic/eso-pic.sty
Package: eso-pic 2015/07/21 v2.0g eso-pic (RN)
)
\AM@pagewidth=\dimen167
\AM@pageheight=\dimen168

(/usr/share/texlive/texmf-dist/tex/latex/pdfpages/pppdftex.def
File: pppdftex.def 2015/09/18 v0.5d Pdfpages driver for pdfTeX (AM)
)
\AM@pagebox=\box34
\AM@toc@title=\toks34
\c@AM@survey=\count180
\AM@templatesizebox=\box35
)
(/usr/share/texlive/texmf-dist/tex/latex/setspace/setspace.sty
Package: setspace 2011/12/19 v6.7a set line spacing
)
(/usr/share/texlive/texmf-dist/tex/latex/changes/changes.sty
Package: changes 2015/04/27 v2.0.4 changes package

*** changes package 2015/04/27 v2.0.4 ***
(/usr/share/texlive/texmf-dist/tex/latex/xkeyval/xkeyval.sty
Package: xkeyval 2014/12/03 v2.7a package option processing (HA)

(/usr/share/texlive/texmf-dist/tex/generic/xkeyval/xkeyval.tex
(/usr/share/texlive/texmf-dist/tex/generic/xkeyval/xkvutils.tex
\XKV@toks=\toks35
\XKV@tempa@toks=\toks36
)
\XKV@depth=\count181
File: xkeyval.tex 2014/12/03 v2.7a key=value parser (HA)
))
(/usr/share/texlive/texmf-dist/tex/latex/xifthen/xifthen.sty
Package: xifthen 2015/11/05 v1.4.0 Extended ifthen features
)
changes-option 'markup=bfit'
(/usr/share/texlive/texmf-dist/tex/latex/xcolor/xcolor.sty
Package: xcolor 2007/01/21 v2.11 LaTeX color extensions (UK)

(/usr/share/texlive/texmf-dist/tex/latex/latexconfig/color.cfg
File: color.cfg 2007/01/18 v1.5 color configuration of teTeX/TeXLive
)
Package xcolor Info: Driver file: pdftex.def on input line 225.
LaTeX Info: Redefining \color on input line 702.
Package xcolor Info: Model `cmy' substituted by `cmy0' on input line 1337.
Package xcolor Info: Model `hsb' substituted by `rgb' on input line 1341.
Package xcolor Info: Model `RGB' extended on input line 1353.
Package xcolor Info: Model `HTML' substituted by `rgb' on input line 1355.
Package xcolor Info: Model `Hsb' substituted by `hsb' on input line 1356.
Package xcolor Info: Model `tHsb' substituted by `hsb' on input line 1357.
Package xcolor Info: Model `HSB' substituted by `hsb' on input line 1358.
Package xcolor Info: Model `Gray' substituted by `gray' on input line 1359.
Package xcolor Info: Model `wave' substituted by `hsb' on input line 1360.
)
(/usr/share/texlive/texmf-dist/tex/latex/oberdiek/pdfcolmk.sty
Package: pdfcolmk 2008/08/11 v1.2 Color support for pdfTeX via marks (HO)
Package pdfcolmk Info: The color stack of pdfTeX >= 1.40 is used. Therefore
(pdfcolmk)             this package is not necessary and not loaded.
)
\c@Changes@AuthorCount=\count182
\c@Changes@Author=\count183
\c@Changes@AddCount=\count184
\c@Changes@DeleteCount=\count185
\c@Changes@ReplaceCount=\count186

(/usr/share/texlive/texmf-dist/tex/latex/truncate/truncate.sty
Package: truncate 2001/08/20  ver 3.6
\@Trunc@RestHyph=\toks37
)
\Changes@Len@summ=\skip264
)
\c@Changes@AddCountiq=\count187
\c@Changes@DeleteCountiq=\count188
\c@Changes@ReplaceCountiq=\count189


Class memoir Warning: You are using the caption package with the memoir class. 
To prepare we will now reset all captioning macros and configurations to kernel
 defaults, and then let the caption package take over. Please remember to use t
he caption package interfaces in order to configure your captions. .

(/usr/share/texlive/texmf-dist/tex/latex/caption/caption.sty
Package: caption 2016/02/21 v3.3-144 Customizing captions (AR)

(/usr/share/texlive/texmf-dist/tex/latex/caption/caption3.sty
Package: caption3 2016/02/04 v1.7-139 caption3 kernel (AR)
Package caption3 Info: TeX engine: e-TeX on input line 67.
\captionmargin=\dimen169
\captionmargin@=\dimen170
\captionwidth=\dimen171
\caption@tempdima=\dimen172
\caption@indent=\dimen173
\caption@parindent=\dimen174
\caption@hangindent=\dimen175
)
\c@ContinuedFloat=\count190
Package caption Info: float package is loaded.
Package caption Info: hyperref package is loaded.
)
(/usr/share/texlive/texmf-dist/tex/latex/abntex2/abntex2cite.sty
Package: abntex2cite 2016/02/26 v-1.9.6 abnTeX2

(/usr/share/texlive/texmf-dist/tex/latex/abntex2/abntex2abrev.sty)
\minimumbiblabelwidth=\skip265
\ABCIauxlen=\skip266
\c@ABCIaux=\count191
\c@ABCImax=\count192

(/usr/share/texlive/texmf-dist/tex/latex/relsize/relsize.sty
Package: relsize 2013/03/29 ver 4.1
)
\biblabelsep=\skip267
LaTeX Info: Redefining \newblock on input line 591.
LaTeX Info: Redefining \cite on input line 618.
\ABCItoken=\toks38
)

Package hyperref Warning: Token not allowed in a PDF string (PDFDocEncoding):
(hyperref)                removing `math shift' on input line 159.


Package hyperref Warning: Token not allowed in a PDF string (PDFDocEncoding):
(hyperref)                removing `\gamma' on input line 159.


Package hyperref Warning: Token not allowed in a PDF string (PDFDocEncoding):
(hyperref)                removing `math shift' on input line 159.

Package hyperref Info: Option `colorlinks' set `true' on input line 159.
\thesis@idxfile=\write4
\openout4 = `thesis.idx'.

Writing index file thesis.idx 
(./thesis.aux (./chapters/introduction.aux) (./chapters/review.aux)
(./chapters/computational.aux

LaTeX Warning: Label `eq:fisobari' multiply defined.


LaTeX Warning: Label `eq:partiso' multiply defined.


LaTeX Warning: Label `eq:dif' multiply defined.


LaTeX Warning: Label `eq:mbar' multiply defined.


LaTeX Warning: Label `eq:varmbar' multiply defined.

) (./chapters/methodology.aux) (./chapters/results.aux

LaTeX Warning: Label `tbl:solv3' multiply defined.

) (./chapters/conclusions.aux))
\openout1 = `thesis.aux'.

LaTeX Font Info:    Checking defaults for OML/cmm/m/it on input line 185.
LaTeX Font Info:    ... okay on input line 185.
LaTeX Font Info:    Checking defaults for T1/cmr/m/n on input line 185.
LaTeX Font Info:    ... okay on input line 185.
LaTeX Font Info:    Checking defaults for OT1/cmr/m/n on input line 185.
LaTeX Font Info:    ... okay on input line 185.
LaTeX Font Info:    Checking defaults for OMS/cmsy/m/n on input line 185.
LaTeX Font Info:    ... okay on input line 185.
LaTeX Font Info:    Checking defaults for OMX/cmex/m/n on input line 185.
LaTeX Font Info:    ... okay on input line 185.
LaTeX Font Info:    Checking defaults for U/cmr/m/n on input line 185.
LaTeX Font Info:    ... okay on input line 185.
LaTeX Font Info:    Checking defaults for PD1/pdf/m/n on input line 185.
LaTeX Font Info:    ... okay on input line 185.
LaTeX Font Info:    Try loading font information for T1+ppl on input line 185.

(/usr/share/texlive/texmf-dist/tex/latex/psnfss/t1ppl.fd
File: t1ppl.fd 2001/06/04 font definitions for T1/ppl.
)
\AtBeginShipoutBox=\box36
Package hyperref Info: Link coloring ON on input line 185.
LaTeX Info: Redefining \ref on input line 185.
LaTeX Info: Redefining \pageref on input line 185.
LaTeX Info: Redefining \nameref on input line 185.
\myptabbox=\box37
\myptabboxwidth=\skip268
Package lastpage Info: Please have a look at the pageslts package at
(lastpage)             https://www.ctan.org/pkg/pageslts
(lastpage)             ! on input line 185.

(/usr/share/texlive/texmf-dist/tex/context/base/supp-pdf.mkii
[Loading MPS to PDF converter (version 2006.09.02).]
\scratchcounter=\count193
\scratchdimen=\dimen176
\scratchbox=\box38
\nofMPsegments=\count194
\nofMParguments=\count266
\everyMPshowfont=\toks39
\MPscratchCnt=\count267
\MPscratchDim=\dimen177
\MPnumerator=\count268
\makeMPintoPDFobject=\count269
\everyMPtoPDFconversion=\toks40
) (/usr/share/texlive/texmf-dist/tex/latex/oberdiek/epstopdf-base.sty
Package: epstopdf-base 2010/02/09 v2.5 Base part for package epstopdf

(/usr/share/texlive/texmf-dist/tex/latex/oberdiek/grfext.sty
Package: grfext 2010/08/19 v1.1 Manage graphics extensions (HO)
)
Package grfext Info: Graphics extension search list:
(grfext)             [.png,.pdf,.jpg,.mps,.jpeg,.jbig2,.jb2,.PNG,.PDF,.JPG,.JPE
G,.JBIG2,.JB2,.eps]
(grfext)             \AppendGraphicsExtensions on input line 452.

(/usr/share/texlive/texmf-dist/tex/latex/latexconfig/epstopdf-sys.cfg
File: epstopdf-sys.cfg 2010/07/13 v1.3 Configuration of (r)epstopdf for TeX Liv
e
))
LaTeX Info: Redefining \microtypecontext on input line 185.
Package microtype Info: Generating PDF output.
Package microtype Info: Character protrusion enabled (level 2).
Package microtype Info: Using default protrusion set `alltext'.
Package microtype Info: Automatic font expansion enabled (level 2),
(microtype)             stretch: 20, shrink: 20, step: 1, non-selected.
Package microtype Info: Using default expansion set `basictext'.
Package microtype Info: No adjustment of tracking.
Package microtype Info: No adjustment of interword spacing.
Package microtype Info: No adjustment of character kerning.

(/usr/share/texlive/texmf-dist/tex/latex/microtype/mt-ppl.cfg
File: mt-ppl.cfg 2005/11/16 v1.6 microtype config. file: Palatino (RS)
)
(/usr/share/texlive/texmf-dist/tex/latex/oberdiek/pdflscape.sty
Package: pdflscape 2008/08/11 v0.10 Display of landscape pages in PDF (HO)

(/usr/share/texlive/texmf-dist/tex/latex/graphics/lscape.sty
Package: lscape 2000/10/22 v3.01 Landscape Pages (DPC)
)
Package pdflscape Info: Auto-detected driver: pdftex on input line 80.
)
Package caption Info: Begin \AtBeginDocument code.
Package caption Info: End \AtBeginDocument code.
LaTeX Font Info:    Try loading font information for T1+phv on input line 202.

(/usr/share/texlive/texmf-dist/tex/latex/psnfss/t1phv.fd
File: t1phv.fd 2001/06/04 scalable font definitions for T1/phv.
)
Package microtype Info: Loading generic settings for font family
(microtype)             `phv' (encoding: T1).
(microtype)             For optimal results, create family-specific settings.
(microtype)             See the microtype manual for details.
LaTeX Font Info:    Font shape `T1/phv/bx/n' in size <14.4> not available
(Font)              Font shape `T1/phv/b/n' tried instead on input line 202.
LaTeX Font Info:    Font shape `T1/phv/bx/n' in size <20.74> not available
(Font)              Font shape `T1/phv/b/n' tried instead on input line 202.

(/usr/share/texlive/texmf-dist/tex/latex/microtype/mt-cmr.cfg
File: mt-cmr.cfg 2013/05/19 v2.2 microtype config. file: Computer Modern Roman 
(RS)
) [1

{/var/lib/texmf/fonts/map/pdftex/updmap/pdftex.map}]
LaTeX Font Info:    Font shape `T1/phv/bx/n' in size <12> not available
(Font)              Font shape `T1/phv/b/n' tried instead on input line 211.
LaTeX Font Info:    Font shape `T1/phv/bx/n' in size <17.28> not available
(Font)              Font shape `T1/phv/b/n' tried instead on input line 211.
pdfTeX warning (ext4): destination with the same identifier (name{page.1}) has 
been already used, duplicate ignored
<to be read again> 
                   \relax 
l.211 
       [1



]
Underfull \hbox (badness 10000) in paragraph at lines 255--255

 []


Underfull \hbox (badness 10000) in paragraph at lines 255--255

 []


Overfull \hbox (16.54776pt too wide) in paragraph at lines 255--255
[]  [] 
 []


Underfull \hbox (badness 10000) in paragraph at lines 255--255

 []

[2]
LaTeX Font Info:    Font shape `T1/ppl/bx/n' in size <12> not available
(Font)              Font shape `T1/ppl/b/n' tried instead on input line 320.
 [3

] [4


] [5

] (./thesis.lof) [6

] [7] (./thesis.lot
Overfull \hbox (12.49089pt too wide) in paragraph at lines 10--10
 [][] [][][]\T1/ppl/m/n/12 (-20) Calculated and ex-per-i-men-tal hy-dra-tion fr
ee en-ergy dif-fer-ences (kcal/mol) 
 []

) [8

] [9


] [10] (./thesis.toc [11

]
Overfull \hbox (1.41573pt too wide) detected at line 65
 \T1/phv/b/n/12 104
 []


Overfull \hbox (1.41573pt too wide) detected at line 69
 \T1/phv/b/n/12 113
 []


Overfull \hbox (0.65327pt too wide) in paragraph at lines 69--69
 [][] [][][]\T1/phv/b/n/12 PAPER FOR PUB-LI-CA-TION IN SCI-EN-TIFIC JOUR- 
 []

) [12]
\openout2 = `chapters/introduction.aux'.

 (./chapters/introduction.texpdfTeX warning (ext4): destination with the same i
dentifier (name{page.1}) has been already used, duplicate ignored
<to be read again> 
                   \relax 
l.10 
      [1




]pdfTeX warning (ext4): destination with the same identifier (name{page.2}) has
 been already used, duplicate ignored
<to be read again> 
                   \relax 
l.13 
      [2])pdfTeX warning (ext4): destination with the same identifier (name{pag
e.3}) has been already used, duplicate ignored
<to be read again> 
                   \relax 
l.479 \include{chapters/introduction}
                                      [3]
\openout2 = `chapters/review.aux'.

 (./chapters/review.tex
Overfull \hbox (32.36069pt too wide) in paragraph at lines 6--6
[]\T1/phv/m/n/17.28 Molecular Sim-u-la-tions of Molecules Mim-ick-ing As-phalte
nes 
 []

pdfTeX warning (ext4): destination with the same identifier (name{page.4}) has 
been already used, duplicate ignored
<to be read again> 
                   \relax 
l.16 
      [4



]pdfTeX warning (ext4): destination with the same identifier (name{page.5}) has
 been already used, duplicate ignored
<to be read again> 
                   \relax 
l.25 
      [5] <Figures/multiscale.png, id=424, 872.25874pt x 459.7175pt>
File: Figures/multiscale.png Graphic file (type png)

<use Figures/multiscale.png>
Package pdftex.def Info: Figures/multiscale.png used on input line 30.
(pdftex.def)             Requested size: 409.49722pt x 215.82173pt.
pdfTeX warning (ext4): destination with the same identifier (name{page.6}) has 
been already used, duplicate ignored
<to be read again> 
                   \relax 
l.34 \FloatBarrier
                   [6]pdfTeX warning (ext4): destination with the same identifi
er (name{page.7}) has been already used, duplicate ignored
<to be read again> 
                   \relax 
l.37 
      [7 <./Figures/multiscale.png>]pdfTeX warning (ext4): destination with the
 same identifier (name{page.8}) has been already used, duplicate ignored
<to be read again> 
                   \relax 
l.39 
      [8]pdfTeX warning (ext4): destination with the same identifier (name{page
.9}) has been already used, duplicate ignored
<to be read again> 
                   \relax 
l.53 
      [9]pdfTeX warning (ext4): destination with the same identifier (name{page
.10}) has been already used, duplicate ignored
<to be read again> 
                   \relax 
l.54 T
      hough this variety of data using the intramolecular Lennard-Jones pote...
[10]pdfTeX warning (ext4): destination with the same identifier (name{page.11})
 has been already used, duplicate ignored
<to be read again> 
                   \relax 
l.95 \end{equation}
                    [11]pdfTeX warning (ext4): destination with the same identi
fier (name{page.12}) has been already used, duplicate ignored
<to be read again> 
                   \relax 
l.117 \end{equation}
                     [12] [13] [14] [15]) [16]
\openout2 = `chapters/computational.aux'.

 (./chapters/computational.tex
Overfull \hbox (23.80698pt too wide) in paragraph at lines 14--16
\T1/ppl/m/n/12 (-20) where $\OML/cmm/m/it/12 p[]$ \T1/ppl/m/n/12 (-20) is the m
o-men-tum and $\OML/cmm/m/it/12 r[]$ \T1/ppl/m/n/12 (-20) are the co-or-di-nate
s of all the atoms$\OT1/cmr/m/n/12 (\OML/cmm/m/it/12 x[]; y[]; z[]; :::; x[]; y
[]; z[]\OT1/cmr/m/n/12 )$\T1/ppl/m/n/12 (-20) .
 []

[17



] [18] [19] [20] [21] [22] [23] [24] [25] [26] [27]
<Figures/pbc.png, id=845, 468.75125pt x 388.45125pt>
File: Figures/pbc.png Graphic file (type png)
 <use Figures/pbc.png>
Package pdftex.def Info: Figures/pbc.png used on input line 361.
(pdftex.def)             Requested size: 318.49861pt x 263.93588pt.

[28] <Figures/pairlist.png, id=854, 421.575pt x 368.37625pt>
File: Figures/pairlist.png Graphic file (type png)

<use Figures/pairlist.png>
Package pdftex.def Info: Figures/pairlist.png used on input line 370.
(pdftex.def)             Requested size: 227.5pt x 198.79654pt.
 [29 <./Figures/pbc.png>]
<Figures/bondstrech.png, id=860, 446.66875pt x 94.3525pt>
File: Figures/bondstrech.png Graphic file (type png)

<use Figures/bondstrech.png>
Package pdftex.def Info: Figures/bondstrech.png used on input line 380.
(pdftex.def)             Requested size: 181.99722pt x 38.44434pt.

<Figures/anglebend.png, id=861, 337.26pt x 199.74625pt>
File: Figures/anglebend.png Graphic file (type png)

<use Figures/anglebend.png>
Package pdftex.def Info: Figures/anglebend.png used on input line 382.
(pdftex.def)             Requested size: 181.99722pt x 107.79126pt.

<Figures/torsion.png, id=862, 366.36874pt x 210.7875pt>
File: Figures/torsion.png Graphic file (type png)

<use Figures/torsion.png>
Package pdftex.def Info: Figures/torsion.png used on input line 384.
(pdftex.def)             Requested size: 181.99722pt x 104.71162pt.
 [30 <./Figures/pairlist.png> <./Figures/bondstrech.png> <./Figures/anglebend.p
ng> <./Figures/torsion.png>]
<Figures/lj2.png, id=869, 906.38625pt x 635.37375pt>
File: Figures/lj2.png Graphic file (type png)
 <use Figures/lj2.png>
Package pdftex.def Info: Figures/lj2.png used on input line 422.
(pdftex.def)             Requested size: 364.00139pt x 255.16296pt.

[31]

LaTeX Warning: Reference `frenel' on page 32 undefined on input line 427.


Package hyperref Warning: Token not allowed in a PDF string (PDFDocEncoding):
(hyperref)                removing `math shift' on input line 439.


Package hyperref Warning: Token not allowed in a PDF string (PDFDocEncoding):
(hyperref)                removing `\gamma' on input line 439.


Package hyperref Warning: Token not allowed in a PDF string (PDFDocEncoding):
(hyperref)                removing `math shift' on input line 439.

[32 <./Figures/lj2.png>] [33] [34] [35]
<Figures/mullergeo.png, id=957, 634.37pt x 215.80624pt>
File: Figures/mullergeo.png Graphic file (type png)

<use Figures/mullergeo.png>
Package pdftex.def Info: Figures/mullergeo.png used on input line 542.
(pdftex.def)             Requested size: 317.18422pt x 107.90285pt.
 [36 <./Figures/mullergeo.png>]

Package hyperref Warning: Token not allowed in a PDF string (PDFDocEncoding):
(hyperref)                removing `math shift' on input line 569.


Package hyperref Warning: Token not allowed in a PDF string (PDFDocEncoding):
(hyperref)                removing `\gamma' on input line 569.


Package hyperref Warning: Token not allowed in a PDF string (PDFDocEncoding):
(hyperref)                removing `math shift' on input line 569.

[37] [38] [39] [40] [41] [42]
<Figures/cicclotermo.jpg, id=1067, 469.755pt x 368.37625pt>
File: Figures/cicclotermo.jpg Graphic file (type jpg)

<use Figures/cicclotermo.jpg>
Package pdftex.def Info: Figures/cicclotermo.jpg used on input line 755.
(pdftex.def)             Requested size: 281.85518pt x 221.02744pt.
 [43 <./Figures/cicclotermo.jpg>] [44]
<Figures/SC.png, id=1093, 578.16pt x 433.62pt>
File: Figures/SC.png Graphic file (type png)
 <use Figures/SC.png>
Package pdftex.def Info: Figures/SC.png used on input line 780.
(pdftex.def)             Requested size: 409.49722pt x 307.11807pt.
 [45 <./Figures/SC.png>] [46] [47] [48] [49] [50] [51] [52] [53]) [54]
\openout2 = `chapters/methodology.aux'.


(./chapters/methodology.tex
<Figures/fen5.jpg, id=1242, 383.93437pt x 214.55156pt>
File: Figures/fen5.jpg Graphic file (type jpg)
 <use Figures/fen5.jpg>
Package pdftex.def Info: Figures/fen5.jpg used on input line 10.
(pdftex.def)             Requested size: 113.75pt x 63.56387pt.

<Figures/fe3.png, id=1250, 240.9pt x 213.79875pt>
File: Figures/fe3.png Graphic file (type png)
 <use Figures/fe3.png>
Package pdftex.def Info: Figures/fe3.png used on input line 27.
(pdftex.def)             Requested size: 68.24722pt x 60.56789pt.

[55



 <./Figures/fen5.jpg>]
Overfull \hbox (4.4309pt too wide) in paragraph at lines 34--35
[]\T1/ppl/m/n/12 (-20) The boxes for the GEMC-NVT sim-u-la-tions were gen-er-at
ed in-sert-ing 400 molecules
 []

[56 <./Figures/fe3.png (PNG copy)>] [57]) [58]
\openout2 = `chapters/results.aux'.

 (./chapters/results.tex

LaTeX Warning: `h' float specifier changed to `ht'.

[59



]
Package epstopdf Info: Source file: <Figures/optimized_cdf.eps>
(epstopdf)                    date: 2018-01-29 16:03:33
(epstopdf)                    size: 23169 bytes
(epstopdf)             Output file: <Figures/optimized_cdf-eps-converted-to.pdf
>
(epstopdf)                    date: 2018-01-29 16:16:08
(epstopdf)                    size: 16790 bytes
(epstopdf)             Command: <repstopdf --outfile=Figures/optimized_cdf-eps-
converted-to.pdf Figures/optimized_cdf.eps>
(epstopdf)             \includegraphics on input line 51.
Package epstopdf Info: Output file is already uptodate.

<Figures/optimized_cdf-eps-converted-to.pdf, id=1347, 512.91624pt x 400.49625pt
>
File: Figures/optimized_cdf-eps-converted-to.pdf Graphic file (type pdf)
 <use Figures/optimized_cdf-eps-converted-to.pdf>
Package pdftex.def Info: Figures/optimized_cdf-eps-converted-to.pdf used on inp
ut line 51.
(pdftex.def)             Requested size: 318.49861pt x 248.69011pt.


LaTeX Warning: `h' float specifier changed to `ht'.


LaTeX Warning: `h' float specifier changed to `ht'.

[60] [61 <./Figures/optimized_cdf-eps-converted-to.pdf>]
<Figures/ohex_benz.pdf, id=1398, 420.06938pt x 433.62pt>
File: Figures/ohex_benz.pdf Graphic file (type pdf)

<use Figures/ohex_benz.pdf>
Package pdftex.def Info: Figures/ohex_benz.pdf used on input line 86.
(pdftex.def)             Requested size: 364.00139pt x 375.74442pt.


LaTeX Warning: `h' float specifier changed to `ht'.

[62 <./Figures/ohex_benz.pdf>]
<Figures/hex.png, id=1438, 462.528pt x 346.896pt>
File: Figures/hex.png Graphic file (type png)
 <use Figures/hex.png>
Package pdftex.def Info: Figures/hex.png used on input line 116.
(pdftex.def)             Requested size: 409.49722pt x 307.13791pt.

[63] <Figures/oct.png, id=1447, 462.528pt x 346.896pt>
File: Figures/oct.png Graphic file (type png)
 <use Figures/oct.png>
Package pdftex.def Info: Figures/oct.png used on input line 123.
(pdftex.def)             Requested size: 409.49722pt x 307.13791pt.

<Figures/tol.png, id=1448, 462.528pt x 346.896pt>
File: Figures/tol.png Graphic file (type png)
 <use Figures/tol.png>
Package pdftex.def Info: Figures/tol.png used on input line 130.
(pdftex.def)             Requested size: 409.49722pt x 307.13791pt.

[64 <./Figures/hex.png> <./Figures/oct.png>] [65 <./Figures/tol.png>]
<Figures/Figure_1.png, id=1464, 462.528pt x 346.896pt>
File: Figures/Figure_1.png Graphic file (type png)

<use Figures/Figure_1.png>
Package pdftex.def Info: Figures/Figure_1.png used on input line 162.
(pdftex.def)             Requested size: 409.49722pt x 307.13791pt.
 [66] [67 <./Figures/Figure_1.png>] [68] [69]
<Figures/water.png, id=1508, 1743.51375pt x 1291.82625pt>
File: Figures/water.png Graphic file (type png)

<use Figures/water.png>
Package pdftex.def Info: Figures/water.png used on input line 234.
(pdftex.def)             Requested size: 409.49722pt x 303.40181pt.
 [70 <./Figures/water.png>]) [71] [72]
\openout2 = `chapters/conclusions.aux'.


(./chapters/conclusions.tex [73



]) [74] (./thesis.bbl

Package hyperref Warning: Token not allowed in a PDF string (PDFDocEncoding):
(hyperref)                removing `\uppercase' on input line 3.

bibitemlist
[75


] [76] [77] [78] [79] [80] [81] [82] [83]) [84]

Package hyperref Warning: Token not allowed in a PDF string (PDFDocEncoding):
(hyperref)                removing `math shift' on input line 643.


Package hyperref Warning: Token not allowed in a PDF string (PDFDocEncoding):
(hyperref)                removing `\lambda' on input line 643.


Package hyperref Warning: Token not allowed in a PDF string (PDFDocEncoding):
(hyperref)                removing `math shift' on input line 643.


Package hyperref Warning: Token not allowed in a PDF string (PDFDocEncoding):
(hyperref)                removing `math shift' on input line 643.


Package hyperref Warning: Token not allowed in a PDF string (PDFDocEncoding):
(hyperref)                removing `\eta' on input line 643.


Package hyperref Warning: Token not allowed in a PDF string (PDFDocEncoding):
(hyperref)                removing `math shift' on input line 643.


LaTeX Warning: `h' float specifier changed to `ht'.


LaTeX Warning: `h' float specifier changed to `ht'.


LaTeX Warning: `h' float specifier changed to `ht'.


LaTeX Warning: `h' float specifier changed to `ht'.

[85

] [86] [87] <Figures/ohex_pyr.pdf, id=1613, 420.06938pt x 433.62pt>
File: Figures/ohex_pyr.pdf Graphic file (type pdf)

<use Figures/ohex_pyr.pdf>
Package pdftex.def Info: Figures/ohex_pyr.pdf used on input line 799.
(pdftex.def)             Requested size: 409.49722pt x 422.70833pt.

<Figures/ohex_phen.pdf, id=1614, 420.06938pt x 433.62pt>
File: Figures/ohex_phen.pdf Graphic file (type pdf)

<use Figures/ohex_phen.pdf>
Package pdftex.def Info: Figures/ohex_phen.pdf used on input line 805.
(pdftex.def)             Requested size: 409.49722pt x 422.70833pt.
 [88

 <./Figures/ohex_pyr.pdf>]
<Figures/ooct_prop.pdf, id=1641, 420.06938pt x 433.62pt>
File: Figures/ooct_prop.pdf Graphic file (type pdf)

<use Figures/ooct_prop.pdf>
Package pdftex.def Info: Figures/ooct_prop.pdf used on input line 811.
(pdftex.def)             Requested size: 409.49722pt x 422.70833pt.
 [89 <./Figures/ohex_phen.pdf>]
<Figures/ooct_ant.pdf, id=1669, 504.08327pt x 520.34402pt>
File: Figures/ooct_ant.pdf Graphic file (type pdf)

<use Figures/ooct_ant.pdf>
Package pdftex.def Info: Figures/ooct_ant.pdf used on input line 817.
(pdftex.def)             Requested size: 409.49722pt x 422.72289pt.
 [90 <./Figures/ooct_prop.pdf>]
<Figures/ooct_phen.pdf, id=1697, 504.08327pt x 520.34402pt>
File: Figures/ooct_phen.pdf Graphic file (type pdf)

<use Figures/ooct_phen.pdf>
Package pdftex.def Info: Figures/ooct_phen.pdf used on input line 823.
(pdftex.def)             Requested size: 409.49722pt x 422.72289pt.
 [91 <./Figures/ooct_ant.pdf>]
<Figures/otol_pyr.pdf, id=1724, 420.06938pt x 433.62pt>
File: Figures/otol_pyr.pdf Graphic file (type pdf)

<use Figures/otol_pyr.pdf>
Package pdftex.def Info: Figures/otol_pyr.pdf used on input line 829.
(pdftex.def)             Requested size: 409.49722pt x 422.70833pt.
 [92 <./Figures/ooct_phen.pdf>]
<Figures/otol_antr.pdf, id=1751, 420.06938pt x 433.62pt>
File: Figures/otol_antr.pdf Graphic file (type pdf)

<use Figures/otol_antr.pdf>
Package pdftex.def Info: Figures/otol_antr.pdf used on input line 835.
(pdftex.def)             Requested size: 409.49722pt x 422.70833pt.
 [93 <./Figures/otol_pyr.pdf>]
<Figures/otol_phen.pdf, id=1778, 420.06938pt x 433.62pt>
File: Figures/otol_phen.pdf Graphic file (type pdf)

<use Figures/otol_phen.pdf>
Package pdftex.def Info: Figures/otol_phen.pdf used on input line 841.
(pdftex.def)             Requested size: 409.49722pt x 422.70833pt.
 [94 <./Figures/otol_antr.pdf>]
<Figures/otolco2_1.pdf, id=1805, 420.06938pt x 433.62pt>
File: Figures/otolco2_1.pdf Graphic file (type pdf)

<use Figures/otolco2_1.pdf>
Package pdftex.def Info: Figures/otolco2_1.pdf used on input line 847.
(pdftex.def)             Requested size: 409.49722pt x 422.70833pt.

<Figures/otolco2_2.pdf, id=1806, 420.06938pt x 433.62pt>
File: Figures/otolco2_2.pdf Graphic file (type pdf)

<use Figures/otolco2_2.pdf>
Package pdftex.def Info: Figures/otolco2_2.pdf used on input line 852.
(pdftex.def)             Requested size: 409.49722pt x 422.70833pt.
 [95 <./Figures/otol_phen.pdf>] [96 <./Figures/otolco2_1.pdf>] <Figures/otolco2
_3.pdf, id=1861, 455.10025pt x 452.20944pt>
File: Figures/otolco2_3.pdf Graphic file (type pdf)

<use Figures/otolco2_3.pdf>
Package pdftex.def Info: Figures/otolco2_3.pdf used on input line 858.
(pdftex.def)             Requested size: 409.49722pt x 406.89502pt.
 [97 <./Figures/otolco2_2.pdf>]
<Figures/otolco2_4.pdf, id=1888, 448.07399pt x 462.52798pt>
File: Figures/otolco2_4.pdf Graphic file (type pdf)

<use Figures/otolco2_4.pdf>
Package pdftex.def Info: Figures/otolco2_4.pdf used on input line 864.
(pdftex.def)             Requested size: 409.49722pt x 422.71492pt.
 [98 <./Figures/otolco2_3.pdf>]
<Figures/owat_prop.pdf, id=1915, 420.06938pt x 433.62pt>
File: Figures/owat_prop.pdf Graphic file (type pdf)

<use Figures/owat_prop.pdf>
Package pdftex.def Info: Figures/owat_prop.pdf used on input line 870.
(pdftex.def)             Requested size: 409.49722pt x 422.70833pt.
 [99 <./Figures/otolco2_4.pdf>]
<Figures/owat_benz.pdf, id=1942, 427.09563pt x 424.38548pt>
File: Figures/owat_benz.pdf Graphic file (type pdf)

<use Figures/owat_benz.pdf>
Package pdftex.def Info: Figures/owat_benz.pdf used on input line 876.
(pdftex.def)             Requested size: 409.49722pt x 406.89386pt.
 [100 <./Figures/owat_prop.pdf>]
<Figures/owat_tol.pdf, id=1969, 427.09563pt x 424.38548pt>
File: Figures/owat_tol.pdf Graphic file (type pdf)

<use Figures/owat_tol.pdf>
Package pdftex.def Info: Figures/owat_tol.pdf used on input line 882.
(pdftex.def)             Requested size: 409.49722pt x 406.89386pt.
 [101 <./Figures/owat_benz.pdf>]
<Figures/owat_phen.pdf, id=1996, 427.09563pt x 424.38548pt>
File: Figures/owat_phen.pdf Graphic file (type pdf)

<use Figures/owat_phen.pdf>
Package pdftex.def Info: Figures/owat_phen.pdf used on input line 888.
(pdftex.def)             Requested size: 409.49722pt x 406.89386pt.
 [102 <./Figures/owat_tol.pdf>] [103 <./Figures/owat_phen.pdf>]

pdfTeX warning: /usr/bin/pdflatex (file ./C089.pdf): PDF inclusion: found PDF v
ersion <1.7>, but at most version <1.5> allowed
<C089.pdf, id=2051, 614.295pt x 794.97pt>
File: C089.pdf Graphic file (type pdf)
 <use C089.pdf>
Package pdftex.def Info: C089.pdf used on input line 894.
(pdftex.def)             Requested size: 614.29349pt x 794.96806pt.


pdfTeX warning: /usr/bin/pdflatex (file ./C089.pdf): PDF inclusion: found PDF v
ersion <1.7>, but at most version <1.5> allowed
File: C089.pdf Graphic file (type pdf)
<use C089.pdf>
Package pdftex.def Info: C089.pdf used on input line 894.
(pdftex.def)             Requested size: 614.29349pt x 794.96806pt.


pdfTeX warning: /usr/bin/pdflatex (file ./C089.pdf): PDF inclusion: found PDF v
ersion <1.7>, but at most version <1.5> allowed


pdfTeX warning: /usr/bin/pdflatex (file ./C089.pdf): PDF inclusion: found PDF v
ersion <1.7>, but at most version <1.5> allowed
<C089.pdf, id=2054, page=1, 614.295pt x 794.97pt>
File: C089.pdf Graphic file (type pdf)
 <use C089.pdf, page 1>
Package pdftex.def Info: C089.pdf, page1 used on input line 894.
(pdftex.def)             Requested size: 614.29349pt x 794.96806pt.
File: C089.pdf Graphic file (type pdf)

<use C089.pdf, page 1>
Package pdftex.def Info: C089.pdf, page1 used on input line 894.
(pdftex.def)             Requested size: 597.78697pt x 773.60669pt.
 [104

]
File: C089.pdf Graphic file (type pdf)
 <use C089.pdf, page 1>
Package pdftex.def Info: C089.pdf, page1 used on input line 894.
(pdftex.def)             Requested size: 597.78697pt x 773.60669pt.
File: C089.pdf Graphic file (type pdf)
 <use C089.pdf, page 1>
Package pdftex.def Info: C089.pdf, page1 used on input line 894.
(pdftex.def)             Requested size: 597.78697pt x 773.60669pt.
File: C089.pdf Graphic file (type pdf)

<use C089.pdf, page 1>
Package pdftex.def Info: C089.pdf, page1 used on input line 894.
(pdftex.def)             Requested size: 597.78697pt x 773.60669pt.
 [105 <./C089.pdf>]

pdfTeX warning: /usr/bin/pdflatex (file ./C089.pdf): PDF inclusion: found PDF v
ersion <1.7>, but at most version <1.5> allowed
<C089.pdf, id=2110, page=2, 614.295pt x 794.97pt>
File: C089.pdf Graphic file (type pdf)
 <use C089.pdf, page 2>
Package pdftex.def Info: C089.pdf, page2 used on input line 894.
(pdftex.def)             Requested size: 597.78697pt x 773.60669pt.
File: C089.pdf Graphic file (type pdf)

<use C089.pdf, page 2>
Package pdftex.def Info: C089.pdf, page2 used on input line 894.
(pdftex.def)             Requested size: 597.78697pt x 773.60669pt.
File: C089.pdf Graphic file (type pdf)
 <use C089.pdf, page 2>
Package pdftex.def Info: C089.pdf, page2 used on input line 894.
(pdftex.def)             Requested size: 597.78697pt x 773.60669pt.
 [106 <./C089.pdf>]

pdfTeX warning: /usr/bin/pdflatex (file ./C089.pdf): PDF inclusion: found PDF v
ersion <1.7>, but at most version <1.5> allowed
<C089.pdf, id=2124, page=3, 614.295pt x 794.97pt>
File: C089.pdf Graphic file (type pdf)
 <use C089.pdf, page 3>
Package pdftex.def Info: C089.pdf, page3 used on input line 894.
(pdftex.def)             Requested size: 597.78697pt x 773.60669pt.
File: C089.pdf Graphic file (type pdf)

<use C089.pdf, page 3>
Package pdftex.def Info: C089.pdf, page3 used on input line 894.
(pdftex.def)             Requested size: 597.78697pt x 773.60669pt.
File: C089.pdf Graphic file (type pdf)
 <use C089.pdf, page 3>
Package pdftex.def Info: C089.pdf, page3 used on input line 894.
(pdftex.def)             Requested size: 597.78697pt x 773.60669pt.
 [107 <./C089.pdf>]

pdfTeX warning: /usr/bin/pdflatex (file ./C089.pdf): PDF inclusion: found PDF v
ersion <1.7>, but at most version <1.5> allowed
<C089.pdf, id=2145, page=4, 614.295pt x 794.97pt>
File: C089.pdf Graphic file (type pdf)
 <use C089.pdf, page 4>
Package pdftex.def Info: C089.pdf, page4 used on input line 894.
(pdftex.def)             Requested size: 597.78697pt x 773.60669pt.
File: C089.pdf Graphic file (type pdf)

<use C089.pdf, page 4>
Package pdftex.def Info: C089.pdf, page4 used on input line 894.
(pdftex.def)             Requested size: 597.78697pt x 773.60669pt.
File: C089.pdf Graphic file (type pdf)
 <use C089.pdf, page 4>
Package pdftex.def Info: C089.pdf, page4 used on input line 894.
(pdftex.def)             Requested size: 597.78697pt x 773.60669pt.
 [108 <./C089.pdf>]

pdfTeX warning: /usr/bin/pdflatex (file ./C089.pdf): PDF inclusion: found PDF v
ersion <1.7>, but at most version <1.5> allowed
<C089.pdf, id=2159, page=5, 614.295pt x 794.97pt>
File: C089.pdf Graphic file (type pdf)
 <use C089.pdf, page 5>
Package pdftex.def Info: C089.pdf, page5 used on input line 894.
(pdftex.def)             Requested size: 597.78697pt x 773.60669pt.
File: C089.pdf Graphic file (type pdf)

<use C089.pdf, page 5>
Package pdftex.def Info: C089.pdf, page5 used on input line 894.
(pdftex.def)             Requested size: 597.78697pt x 773.60669pt.
File: C089.pdf Graphic file (type pdf)
 <use C089.pdf, page 5>
Package pdftex.def Info: C089.pdf, page5 used on input line 894.
(pdftex.def)             Requested size: 597.78697pt x 773.60669pt.
 [109 <./C089.pdf>]

pdfTeX warning: /usr/bin/pdflatex (file ./C089.pdf): PDF inclusion: found PDF v
ersion <1.7>, but at most version <1.5> allowed
<C089.pdf, id=2172, page=6, 614.295pt x 794.97pt>
File: C089.pdf Graphic file (type pdf)
 <use C089.pdf, page 6>
Package pdftex.def Info: C089.pdf, page6 used on input line 894.
(pdftex.def)             Requested size: 597.78697pt x 773.60669pt.
File: C089.pdf Graphic file (type pdf)

<use C089.pdf, page 6>
Package pdftex.def Info: C089.pdf, page6 used on input line 894.
(pdftex.def)             Requested size: 597.78697pt x 773.60669pt.
File: C089.pdf Graphic file (type pdf)
 <use C089.pdf, page 6>
Package pdftex.def Info: C089.pdf, page6 used on input line 894.
(pdftex.def)             Requested size: 597.78697pt x 773.60669pt.
 [110 <./C089.pdf>]

pdfTeX warning: /usr/bin/pdflatex (file ./C089.pdf): PDF inclusion: found PDF v
ersion <1.7>, but at most version <1.5> allowed
<C089.pdf, id=2186, page=7, 614.295pt x 794.97pt>
File: C089.pdf Graphic file (type pdf)
 <use C089.pdf, page 7>
Package pdftex.def Info: C089.pdf, page7 used on input line 894.
(pdftex.def)             Requested size: 597.78697pt x 773.60669pt.
File: C089.pdf Graphic file (type pdf)

<use C089.pdf, page 7>
Package pdftex.def Info: C089.pdf, page7 used on input line 894.
(pdftex.def)             Requested size: 597.78697pt x 773.60669pt.
File: C089.pdf Graphic file (type pdf)
 <use C089.pdf, page 7>
Package pdftex.def Info: C089.pdf, page7 used on input line 894.
(pdftex.def)             Requested size: 597.78697pt x 773.60669pt.
 [111 <./C089.pdf>]

pdfTeX warning: /usr/bin/pdflatex (file ./C089.pdf): PDF inclusion: found PDF v
ersion <1.7>, but at most version <1.5> allowed
<C089.pdf, id=2209, page=8, 614.295pt x 794.97pt>
File: C089.pdf Graphic file (type pdf)
 <use C089.pdf, page 8>
Package pdftex.def Info: C089.pdf, page8 used on input line 894.
(pdftex.def)             Requested size: 597.78697pt x 773.60669pt.
File: C089.pdf Graphic file (type pdf)

<use C089.pdf, page 8>
Package pdftex.def Info: C089.pdf, page8 used on input line 894.
(pdftex.def)             Requested size: 597.78697pt x 773.60669pt.
File: C089.pdf Graphic file (type pdf)
 <use C089.pdf, page 8>
Package pdftex.def Info: C089.pdf, page8 used on input line 894.
(pdftex.def)             Requested size: 597.78697pt x 773.60669pt.
 [112 <./C089.pdf>]
<article/achemso-demo.pdf, id=2222, 614.295pt x 794.97pt>
File: article/achemso-demo.pdf Graphic file (type pdf)

<use article/achemso-demo.pdf>
Package pdftex.def Info: article/achemso-demo.pdf used on input line 898.
(pdftex.def)             Requested size: 614.29349pt x 794.96806pt.
File: article/achemso-demo.pdf Graphic file (type pdf)
 <use article/achemso-demo.pdf>
Package pdftex.def Info: article/achemso-demo.pdf used on input line 898.
(pdftex.def)             Requested size: 614.29349pt x 794.96806pt.

<article/achemso-demo.pdf, id=2225, page=1, 614.295pt x 794.97pt>
File: article/achemso-demo.pdf Graphic file (type pdf)

<use article/achemso-demo.pdf, page 1>
Package pdftex.def Info: article/achemso-demo.pdf, page1 used on input line 898
.
(pdftex.def)             Requested size: 614.29349pt x 794.96806pt.
File: article/achemso-demo.pdf Graphic file (type pdf)
 <use article/achemso-demo.pdf, page 1>
Package pdftex.def Info: article/achemso-demo.pdf, page1 used on input line 898
.
(pdftex.def)             Requested size: 597.78697pt x 773.60669pt.

[113

]
File: article/achemso-demo.pdf Graphic file (type pdf)
 <use article/achemso-demo.pdf, page 1>
Package pdftex.def Info: article/achemso-demo.pdf, page1 used on input line 898
.
(pdftex.def)             Requested size: 597.78697pt x 773.60669pt.
File: article/achemso-demo.pdf Graphic file (type pdf)

<use article/achemso-demo.pdf, page 1>
Package pdftex.def Info: article/achemso-demo.pdf, page1 used on input line 898
.
(pdftex.def)             Requested size: 597.78697pt x 773.60669pt.
File: article/achemso-demo.pdf Graphic file (type pdf)
 <use article/achemso-demo.pdf, page 1>
Package pdftex.def Info: article/achemso-demo.pdf, page1 used on input line 898
.
(pdftex.def)             Requested size: 597.78697pt x 773.60669pt.

[114 <./article/achemso-demo.pdf>]
<article/achemso-demo.pdf, id=2276, page=2, 614.295pt x 794.97pt>
File: article/achemso-demo.pdf Graphic file (type pdf)

<use article/achemso-demo.pdf, page 2>
Package pdftex.def Info: article/achemso-demo.pdf, page2 used on input line 898
.
(pdftex.def)             Requested size: 597.78697pt x 773.60669pt.
File: article/achemso-demo.pdf Graphic file (type pdf)
 <use article/achemso-demo.pdf, page 2>
Package pdftex.def Info: article/achemso-demo.pdf, page2 used on input line 898
.
(pdftex.def)             Requested size: 597.78697pt x 773.60669pt.
File: article/achemso-demo.pdf Graphic file (type pdf)

<use article/achemso-demo.pdf, page 2>
Package pdftex.def Info: article/achemso-demo.pdf, page2 used on input line 898
.
(pdftex.def)             Requested size: 597.78697pt x 773.60669pt.
 [115 <./article/achemso-demo.pdf>]
<article/achemso-demo.pdf, id=2281, page=3, 614.295pt x 794.97pt>
File: article/achemso-demo.pdf Graphic file (type pdf)

<use article/achemso-demo.pdf, page 3>
Package pdftex.def Info: article/achemso-demo.pdf, page3 used on input line 898
.
(pdftex.def)             Requested size: 597.78697pt x 773.60669pt.
File: article/achemso-demo.pdf Graphic file (type pdf)
 <use article/achemso-demo.pdf, page 3>
Package pdftex.def Info: article/achemso-demo.pdf, page3 used on input line 898
.
(pdftex.def)             Requested size: 597.78697pt x 773.60669pt.
File: article/achemso-demo.pdf Graphic file (type pdf)

<use article/achemso-demo.pdf, page 3>
Package pdftex.def Info: article/achemso-demo.pdf, page3 used on input line 898
.
(pdftex.def)             Requested size: 597.78697pt x 773.60669pt.
 [116 <./article/achemso-demo.pdf>]
<article/achemso-demo.pdf, id=2307, page=4, 614.295pt x 794.97pt>
File: article/achemso-demo.pdf Graphic file (type pdf)

<use article/achemso-demo.pdf, page 4>
Package pdftex.def Info: article/achemso-demo.pdf, page4 used on input line 898
.
(pdftex.def)             Requested size: 597.78697pt x 773.60669pt.
File: article/achemso-demo.pdf Graphic file (type pdf)
 <use article/achemso-demo.pdf, page 4>
Package pdftex.def Info: article/achemso-demo.pdf, page4 used on input line 898
.
(pdftex.def)             Requested size: 597.78697pt x 773.60669pt.
File: article/achemso-demo.pdf Graphic file (type pdf)

<use article/achemso-demo.pdf, page 4>
Package pdftex.def Info: article/achemso-demo.pdf, page4 used on input line 898
.
(pdftex.def)             Requested size: 597.78697pt x 773.60669pt.
 [117 <./article/achemso-demo.pdf>]
<article/achemso-demo.pdf, id=2312, page=5, 614.295pt x 794.97pt>
File: article/achemso-demo.pdf Graphic file (type pdf)

<use article/achemso-demo.pdf, page 5>
Package pdftex.def Info: article/achemso-demo.pdf, page5 used on input line 898
.
(pdftex.def)             Requested size: 597.78697pt x 773.60669pt.
File: article/achemso-demo.pdf Graphic file (type pdf)
 <use article/achemso-demo.pdf, page 5>
Package pdftex.def Info: article/achemso-demo.pdf, page5 used on input line 898
.
(pdftex.def)             Requested size: 597.78697pt x 773.60669pt.
File: article/achemso-demo.pdf Graphic file (type pdf)

<use article/achemso-demo.pdf, page 5>
Package pdftex.def Info: article/achemso-demo.pdf, page5 used on input line 898
.
(pdftex.def)             Requested size: 597.78697pt x 773.60669pt.
 [118 <./article/achemso-demo.pdf>]
<article/achemso-demo.pdf, id=2322, page=6, 614.295pt x 794.97pt>
File: article/achemso-demo.pdf Graphic file (type pdf)

<use article/achemso-demo.pdf, page 6>
Package pdftex.def Info: article/achemso-demo.pdf, page6 used on input line 898
.
(pdftex.def)             Requested size: 597.78697pt x 773.60669pt.
File: article/achemso-demo.pdf Graphic file (type pdf)
 <use article/achemso-demo.pdf, page 6>
Package pdftex.def Info: article/achemso-demo.pdf, page6 used on input line 898
.
(pdftex.def)             Requested size: 597.78697pt x 773.60669pt.
File: article/achemso-demo.pdf Graphic file (type pdf)

<use article/achemso-demo.pdf, page 6>
Package pdftex.def Info: article/achemso-demo.pdf, page6 used on input line 898
.
(pdftex.def)             Requested size: 597.78697pt x 773.60669pt.
 [119 <./article/achemso-demo.pdf>]
<article/achemso-demo.pdf, id=2339, page=7, 614.295pt x 794.97pt>
File: article/achemso-demo.pdf Graphic file (type pdf)

<use article/achemso-demo.pdf, page 7>
Package pdftex.def Info: article/achemso-demo.pdf, page7 used on input line 898
.
(pdftex.def)             Requested size: 597.78697pt x 773.60669pt.
File: article/achemso-demo.pdf Graphic file (type pdf)
 <use article/achemso-demo.pdf, page 7>
Package pdftex.def Info: article/achemso-demo.pdf, page7 used on input line 898
.
(pdftex.def)             Requested size: 597.78697pt x 773.60669pt.
File: article/achemso-demo.pdf Graphic file (type pdf)

<use article/achemso-demo.pdf, page 7>
Package pdftex.def Info: article/achemso-demo.pdf, page7 used on input line 898
.
(pdftex.def)             Requested size: 597.78697pt x 773.60669pt.
 [120 <./article/achemso-demo.pdf>]
<article/achemso-demo.pdf, id=2345, page=8, 614.295pt x 794.97pt>
File: article/achemso-demo.pdf Graphic file (type pdf)

<use article/achemso-demo.pdf, page 8>
Package pdftex.def Info: article/achemso-demo.pdf, page8 used on input line 898
.
(pdftex.def)             Requested size: 597.78697pt x 773.60669pt.
File: article/achemso-demo.pdf Graphic file (type pdf)
 <use article/achemso-demo.pdf, page 8>
Package pdftex.def Info: article/achemso-demo.pdf, page8 used on input line 898
.
(pdftex.def)             Requested size: 597.78697pt x 773.60669pt.
File: article/achemso-demo.pdf Graphic file (type pdf)

<use article/achemso-demo.pdf, page 8>
Package pdftex.def Info: article/achemso-demo.pdf, page8 used on input line 898
.
(pdftex.def)             Requested size: 597.78697pt x 773.60669pt.
 [121 <./article/achemso-demo.pdf>]
<article/achemso-demo.pdf, id=2350, page=9, 614.295pt x 794.97pt>
File: article/achemso-demo.pdf Graphic file (type pdf)

<use article/achemso-demo.pdf, page 9>
Package pdftex.def Info: article/achemso-demo.pdf, page9 used on input line 898
.
(pdftex.def)             Requested size: 597.78697pt x 773.60669pt.
File: article/achemso-demo.pdf Graphic file (type pdf)
 <use article/achemso-demo.pdf, page 9>
Package pdftex.def Info: article/achemso-demo.pdf, page9 used on input line 898
.
(pdftex.def)             Requested size: 597.78697pt x 773.60669pt.
File: article/achemso-demo.pdf Graphic file (type pdf)

<use article/achemso-demo.pdf, page 9>
Package pdftex.def Info: article/achemso-demo.pdf, page9 used on input line 898
.
(pdftex.def)             Requested size: 597.78697pt x 773.60669pt.
 [122 <./article/achemso-demo.pdf>]
<article/achemso-demo.pdf, id=2358, page=10, 614.295pt x 794.97pt>
File: article/achemso-demo.pdf Graphic file (type pdf)

<use article/achemso-demo.pdf, page 10>
Package pdftex.def Info: article/achemso-demo.pdf, page10 used on input line 89
8.
(pdftex.def)             Requested size: 597.78697pt x 773.60669pt.
File: article/achemso-demo.pdf Graphic file (type pdf)

<use article/achemso-demo.pdf, page 10>
Package pdftex.def Info: article/achemso-demo.pdf, page10 used on input line 89
8.
(pdftex.def)             Requested size: 597.78697pt x 773.60669pt.
File: article/achemso-demo.pdf Graphic file (type pdf)

<use article/achemso-demo.pdf, page 10>
Package pdftex.def Info: article/achemso-demo.pdf, page10 used on input line 89
8.
(pdftex.def)             Requested size: 597.78697pt x 773.60669pt.
 [123 <./article/achemso-demo.pdf>]
<article/achemso-demo.pdf, id=2368, page=11, 614.295pt x 794.97pt>
File: article/achemso-demo.pdf Graphic file (type pdf)

<use article/achemso-demo.pdf, page 11>
Package pdftex.def Info: article/achemso-demo.pdf, page11 used on input line 89
8.
(pdftex.def)             Requested size: 597.78697pt x 773.60669pt.
File: article/achemso-demo.pdf Graphic file (type pdf)

<use article/achemso-demo.pdf, page 11>
Package pdftex.def Info: article/achemso-demo.pdf, page11 used on input line 89
8.
(pdftex.def)             Requested size: 597.78697pt x 773.60669pt.
File: article/achemso-demo.pdf Graphic file (type pdf)

<use article/achemso-demo.pdf, page 11>
Package pdftex.def Info: article/achemso-demo.pdf, page11 used on input line 89
8.
(pdftex.def)             Requested size: 597.78697pt x 773.60669pt.
 [124 <./article/achemso-demo.pdf>]
<article/achemso-demo.pdf, id=2373, page=12, 614.295pt x 794.97pt>
File: article/achemso-demo.pdf Graphic file (type pdf)

<use article/achemso-demo.pdf, page 12>
Package pdftex.def Info: article/achemso-demo.pdf, page12 used on input line 89
8.
(pdftex.def)             Requested size: 597.78697pt x 773.60669pt.
File: article/achemso-demo.pdf Graphic file (type pdf)

<use article/achemso-demo.pdf, page 12>
Package pdftex.def Info: article/achemso-demo.pdf, page12 used on input line 89
8.
(pdftex.def)             Requested size: 597.78697pt x 773.60669pt.
File: article/achemso-demo.pdf Graphic file (type pdf)

<use article/achemso-demo.pdf, page 12>
Package pdftex.def Info: article/achemso-demo.pdf, page12 used on input line 89
8.
(pdftex.def)             Requested size: 597.78697pt x 773.60669pt.
 [125 <./article/achemso-demo.pdf>]
No file thesis.ind.

AED: lastpage setting LastPage
\Changes@OutFile=\write5
\openout5 = `thesis.soc'.

\tf@lof=\write6
\openout6 = `thesis.lof'.

\tf@lot=\write7
\openout7 = `thesis.lot'.

\tf@toc=\write8
\openout8 = `thesis.toc'.

Package atveryend Info: Empty hook `BeforeClearDocument' on input line 932.
Package atveryend Info: Empty hook `AfterLastShipout' on input line 932.
(./thesis.aux (./chapters/introduction.aux) (./chapters/review.aux)
(./chapters/computational.aux) (./chapters/methodology.aux)
(./chapters/results.aux) (./chapters/conclusions.aux))
Package atveryend Info: Executing hook `AtVeryEndDocument' on input line 932.
Package atveryend Info: Empty hook `AtEndAfterFileList' on input line 932.


LaTeX Warning: There were undefined references.


LaTeX Warning: There were multiply-defined labels.

Package atveryend Info: Empty hook `AtVeryVeryEnd' on input line 932.
 ) 
Here is how much of TeX's memory you used:
 17646 strings out of 494929
 267230 string characters out of 6180142
 470094 words of memory out of 5000000
 19813 multiletter control sequences out of 15000+600000
 67530 words of font info for 269 fonts, out of 8000000 for 9000
 16 hyphenation exceptions out of 8191
 55i,18n,92p,2539b,706s stack positions out of 5000i,500n,10000p,200000b,80000s
{/usr/share/texlive/texmf-dist/fonts/enc/dvips/base/8r.enc}</usr/share/texliv
e/texmf-dist/fonts/type1/public/amsfonts/cm/cmbx12.pfb></usr/share/texlive/texm
f-dist/fonts/type1/public/amsfonts/cm/cmex10.pfb></usr/share/texlive/texmf-dist
/fonts/type1/public/amsfonts/cm/cmmi12.pfb></usr/share/texlive/texmf-dist/fonts
/type1/public/amsfonts/cm/cmmi6.pfb></usr/share/texlive/texmf-dist/fonts/type1/
public/amsfonts/cm/cmmi8.pfb></usr/share/texlive/texmf-dist/fonts/type1/public/
amsfonts/cm/cmmib10.pfb></usr/share/texlive/texmf-dist/fonts/type1/public/amsfo
nts/cm/cmr10.pfb></usr/share/texlive/texmf-dist/fonts/type1/public/amsfonts/cm/
cmr12.pfb></usr/share/texlive/texmf-dist/fonts/type1/public/amsfonts/cm/cmr6.pf
b></usr/share/texlive/texmf-dist/fonts/type1/public/amsfonts/cm/cmr8.pfb></usr/
share/texlive/texmf-dist/fonts/type1/public/amsfonts/cm/cmss12.pfb></usr/share/
texlive/texmf-dist/fonts/type1/public/amsfonts/cm/cmssbx10.pfb></usr/share/texl
ive/texmf-dist/fonts/type1/public/amsfonts/cm/cmsy10.pfb></usr/share/texlive/te
xmf-dist/fonts/type1/public/amsfonts/cm/cmsy6.pfb></usr/share/texlive/texmf-dis
t/fonts/type1/public/amsfonts/cm/cmsy8.pfb></usr/share/texlive/texmf-dist/fonts
/type1/public/amsfonts/cm/cmti12.pfb></usr/share/texlive/texmf-dist/fonts/type1
/public/amsfonts/cm/cmtt12.pfb></usr/share/texlive/texmf-dist/fonts/type1/urw/h
elvetic/uhvb8a.pfb></usr/share/texlive/texmf-dist/fonts/type1/urw/helvetic/uhvr
8a.pfb></usr/share/texlive/texmf-dist/fonts/type1/urw/palatino/uplb8a.pfb></usr
/share/texlive/texmf-dist/fonts/type1/urw/palatino/uplr8a.pfb></usr/share/texli
ve/texmf-dist/fonts/type1/urw/palatino/uplri8a.pfb>
Output written on thesis.pdf (138 pages, 2609597 bytes).
PDF statistics:
 2683 PDF objects out of 2984 (max. 8388607)
 2149 compressed objects within 22 object streams
 504 named destinations out of 1000 (max. 500000)
 43186 words of extra memory for PDF output out of 51595 (max. 10000000)

